
{"level":"info","message":"Connected to MongoDB...","timestamp":"2018-06-08T20:22:16.245Z"}
{"level":"info","message":"listening on port 3000...","timestamp":"2018-06-08T20:33:02.626Z"}
{"level":"info","message":"Connected to MongoDB...","timestamp":"2018-06-08T20:33:02.701Z"}
{"level":"info","message":"listening on port 3000...","timestamp":"2018-06-08T20:34:15.417Z"}
{"level":"info","message":"Connected to MongoDB...","timestamp":"2018-06-08T20:34:15.474Z"}
{"level":"info","message":"listening on port 3000...","timestamp":"2018-06-09T00:34:44.073Z"}
{"level":"info","message":"Connected to MongoDB...","timestamp":"2018-06-09T00:34:44.138Z"}
{"level":"info","message":"listening on port 3000...","timestamp":"2018-06-09T00:35:55.684Z"}
{"level":"info","message":"Connected to MongoDB...","timestamp":"2018-06-09T00:35:55.777Z"}
{"level":"info","message":"listening on port 3000...","timestamp":"2018-06-09T00:37:35.991Z"}
{"level":"info","message":"Connected to MongoDB...","timestamp":"2018-06-09T00:37:36.047Z"}
{"message":"failed to reconnect after 30 attempts with interval 1000 ms","name":"MongoNetworkError","stack":"MongoNetworkError: failed to reconnect after 30 attempts with interval 1000 ms\n    at Connection.<anonymous> (/Users/eri/todo-app-backend/node_modules/mongodb-core/lib/connection/pool.js:376:13)\n    at emitTwo (events.js:126:13)\n    at Connection.emit (events.js:214:7)\n    at Socket.<anonymous> (/Users/eri/todo-app-backend/node_modules/mongodb-core/lib/connection/connection.js:245:50)\n    at Object.onceWrapper (events.js:315:30)\n    at emitOne (events.js:116:13)\n    at Socket.emit (events.js:211:7)\n    at emitErrorNT (internal/streams/destroy.js:64:8)\n    at _combinedTickCallback (internal/process/next_tick.js:138:11)\n    at process._tickCallback (internal/process/next_tick.js:180:9)","level":"error","timestamp":"2018-06-09T00:38:32.298Z"}
{"level":"info","message":"listening on port 3000...","timestamp":"2018-06-09T00:38:44.305Z"}
{"level":"info","message":"listening on port 3000...","timestamp":"2018-06-09T00:39:26.366Z"}
{"level":"info","message":"Connected to MongoDB...","timestamp":"2018-06-09T00:39:26.429Z"}
{"level":"info","message":"listening on port 3000...","timestamp":"2018-06-09T01:06:40.109Z"}
{"level":"info","message":"Connected to MongoDB...","timestamp":"2018-06-09T01:06:40.171Z"}
{"message":"error getting groups","stack":"Error: error getting groups\n    at router.get (/Users/eri/todo-app-backend/routes/groups.js:10:11)\n    at newFn (/Users/eri/todo-app-backend/node_modules/express-async-errors/index.js:25:20)\n    at Layer.handle [as handle_request] (/Users/eri/todo-app-backend/node_modules/express/lib/router/layer.js:95:5)\n    at next (/Users/eri/todo-app-backend/node_modules/express/lib/router/route.js:137:13)\n    at verify (/Users/eri/todo-app-backend/middleware/auth.js:19:9)\n    at <anonymous>\n    at process._tickCallback (internal/process/next_tick.js:188:7)","level":"error","timestamp":"2018-06-09T01:06:49.061Z"}
{"level":"info","message":"listening on port 3000...","timestamp":"2018-06-09T01:11:04.224Z"}
{"level":"info","message":"Connected to MongoDB...","timestamp":"2018-06-09T01:11:04.281Z"}
{"level":"info","message":"listening on port 3000...","timestamp":"2018-06-09T01:15:05.175Z"}
{"level":"info","message":"Connected to MongoDB...","timestamp":"2018-06-09T01:15:05.230Z"}
{"level":"info","message":"listening on port 3000...","timestamp":"2018-06-09T02:39:19.281Z"}
{"level":"info","message":"Connected to MongoDB...","timestamp":"2018-06-09T02:39:19.345Z"}
{"level":"info","message":"listening on port 3000...","timestamp":"2018-06-09T02:40:26.551Z"}
{"level":"info","message":"Connected to MongoDB...","timestamp":"2018-06-09T02:40:26.618Z"}
{"level":"info","message":"listening on port 3000...","timestamp":"2018-06-09T02:41:28.675Z"}
{"level":"info","message":"Connected to MongoDB...","timestamp":"2018-06-09T02:41:28.789Z"}
{"level":"info","message":"listening on port 3000...","timestamp":"2018-06-09T02:43:10.804Z"}
{"level":"info","message":"Connected to MongoDB...","timestamp":"2018-06-09T02:43:10.903Z"}
{"level":"info","message":"listening on port 3000...","timestamp":"2018-06-09T02:46:21.563Z"}
{"level":"info","message":"Connected to MongoDB...","timestamp":"2018-06-09T02:46:21.643Z"}
{"level":"info","message":"listening on port 3000...","timestamp":"2018-06-09T02:48:26.813Z"}
{"level":"info","message":"Connected to MongoDB...","timestamp":"2018-06-09T02:48:26.870Z"}
{"level":"info","message":"listening on port 3000...","timestamp":"2018-06-09T14:37:58.356Z"}
{"level":"info","message":"Connected to MongoDB...","timestamp":"2018-06-09T14:37:58.422Z"}
{"level":"info","message":"listening on port 3000...","timestamp":"2018-06-09T14:38:19.225Z"}
{"level":"info","message":"Connected to MongoDB...","timestamp":"2018-06-09T14:38:19.292Z"}
{"level":"info","message":"listening on port 3000...","timestamp":"2018-06-09T14:41:23.610Z"}
{"level":"info","message":"Connected to MongoDB...","timestamp":"2018-06-09T14:41:23.670Z"}
{"level":"info","message":"listening on port 3000...","timestamp":"2018-06-09T20:43:13.013Z"}
{"level":"info","message":"Connected to mongodb://localhost/todo_tests...","timestamp":"2018-06-09T20:43:13.059Z"}
{"level":"info","message":"listening on port 3000...","timestamp":"2018-06-09T21:00:05.241Z"}
{"level":"info","message":"Connected to mongodb://localhost/todo_tests...","timestamp":"2018-06-09T21:00:05.768Z"}
{"level":"info","message":"listening on port 3000...","timestamp":"2018-06-09T21:01:46.047Z"}
{"level":"info","message":"Connected to mongodb://localhost/todo_tests...","timestamp":"2018-06-09T21:01:46.096Z"}
{"level":"info","message":"listening on port 3000...","timestamp":"2018-06-09T21:04:49.315Z"}
{"level":"info","message":"Connected to mongodb://localhost/todo_tests...","timestamp":"2018-06-09T21:04:49.334Z"}
{"level":"info","message":"listening on port 3000...","timestamp":"2018-06-09T21:08:55.667Z"}
{"level":"info","message":"Connected to mongodb://localhost/todo_tests...","timestamp":"2018-06-09T21:08:55.793Z"}
{"level":"info","message":"listening on port 3000...","timestamp":"2018-06-09T21:12:14.001Z"}
{"level":"info","message":"Connected to mongodb://localhost/todo_tests...","timestamp":"2018-06-09T21:12:14.017Z"}
{"level":"info","message":"listening on port 3000...","timestamp":"2018-06-09T21:13:26.432Z"}
{"level":"info","message":"Connected to mongodb://localhost/todo_tests...","timestamp":"2018-06-09T21:13:26.445Z"}
{"level":"info","message":"listening on port 3000...","timestamp":"2018-06-09T21:17:01.718Z"}
{"level":"info","message":"Connected to mongodb://localhost/todo_tests...","timestamp":"2018-06-09T21:17:01.730Z"}
{"level":"info","message":"listening on port 3000...","timestamp":"2018-06-09T21:23:56.903Z"}
{"level":"info","message":"Connected to mongodb://localhost/todo_tests...","timestamp":"2018-06-09T21:23:56.916Z"}
{"level":"info","message":"listening on port 3000...","timestamp":"2018-06-09T21:25:16.427Z"}
{"level":"info","message":"Connected to mongodb://localhost/todo_tests...","timestamp":"2018-06-09T21:25:16.442Z"}
{"level":"info","message":"listening on port 3000...","timestamp":"2018-06-09T21:27:21.590Z"}
{"level":"info","message":"Connected to mongodb://localhost/todo_tests...","timestamp":"2018-06-09T21:27:21.602Z"}
{"level":"info","message":"listening on port 3000...","timestamp":"2018-06-09T21:31:54.311Z"}
{"level":"info","message":"Connected to mongodb://localhost/todo_tests...","timestamp":"2018-06-09T21:31:54.324Z"}
{"level":"info","message":"listening on port 3000...","timestamp":"2018-06-09T21:32:06.771Z"}
{"level":"info","message":"Connected to mongodb://localhost/todo_tests...","timestamp":"2018-06-09T21:32:06.785Z"}
{"level":"info","message":"listening on port 3000...","timestamp":"2018-06-09T21:33:21.868Z"}
{"level":"info","message":"Connected to mongodb://localhost/todo_tests...","timestamp":"2018-06-09T21:33:21.884Z"}
{"level":"info","message":"listening on port 3000...","timestamp":"2018-06-09T21:34:08.763Z"}
{"level":"info","message":"Connected to mongodb://localhost/todo_tests...","timestamp":"2018-06-09T21:34:08.779Z"}
{"level":"info","message":"listening on port 3000...","timestamp":"2018-06-09T21:34:25.394Z"}
{"level":"info","message":"Connected to mongodb://localhost/todo_tests...","timestamp":"2018-06-09T21:34:25.407Z"}
{"level":"info","message":"listening on port 3000...","timestamp":"2018-06-09T21:34:47.912Z"}
{"level":"info","message":"Connected to mongodb://localhost/todo_tests...","timestamp":"2018-06-09T21:34:47.926Z"}
{"level":"info","message":"listening on port 3000...","timestamp":"2018-06-09T23:34:01.908Z"}
{"level":"info","message":"Connected to mongodb://localhost/todo_tests...","timestamp":"2018-06-09T23:34:01.921Z"}
{"level":"info","message":"listening on port 3000...","timestamp":"2018-06-09T23:34:48.256Z"}
{"level":"info","message":"Connected to mongodb://localhost/todo_tests...","timestamp":"2018-06-09T23:34:48.268Z"}
{"level":"info","message":"listening on port 3000...","timestamp":"2018-06-09T23:38:34.766Z"}
{"level":"info","message":"Connected to mongodb://localhost/todo_tests...","timestamp":"2018-06-09T23:38:34.780Z"}
{"level":"info","message":"listening on port 3000...","timestamp":"2018-06-09T23:39:16.421Z"}
{"level":"info","message":"Connected to mongodb://localhost/todo_tests...","timestamp":"2018-06-09T23:39:16.435Z"}
{"level":"info","message":"listening on port 3000...","timestamp":"2018-06-09T23:41:53.492Z"}
{"level":"info","message":"Connected to mongodb://localhost/todo_tests...","timestamp":"2018-06-09T23:41:53.509Z"}
{"level":"info","message":"listening on port 3000...","timestamp":"2018-06-09T23:46:40.335Z"}
{"level":"info","message":"Connected to mongodb://localhost/todo_tests...","timestamp":"2018-06-09T23:46:40.349Z"}
{"level":"info","message":"listening on port 3000...","timestamp":"2018-06-09T23:47:00.880Z"}
{"level":"info","message":"Connected to mongodb://localhost/todo_tests...","timestamp":"2018-06-09T23:47:00.936Z"}
{"level":"info","message":"listening on port 3000...","timestamp":"2018-06-09T23:48:10.351Z"}
{"level":"info","message":"Connected to mongodb://localhost/todo_tests...","timestamp":"2018-06-09T23:48:10.466Z"}
{"level":"info","message":"listening on port 3000...","timestamp":"2018-06-09T23:48:47.991Z"}
{"level":"info","message":"Connected to mongodb://localhost/todo_tests...","timestamp":"2018-06-09T23:48:48.045Z"}
{"level":"info","message":"listening on port 3000...","timestamp":"2018-06-09T23:49:48.228Z"}
{"level":"info","message":"Connected to mongodb://localhost/todo_tests...","timestamp":"2018-06-09T23:49:48.240Z"}
{"level":"info","message":"listening on port 3000...","timestamp":"2018-06-09T23:50:52.392Z"}
{"level":"info","message":"Connected to mongodb://localhost/todo_tests...","timestamp":"2018-06-09T23:50:52.405Z"}
{"level":"info","message":"listening on port 3000...","timestamp":"2018-06-09T23:53:11.998Z"}
{"level":"info","message":"Connected to mongodb://localhost/todo_tests...","timestamp":"2018-06-09T23:53:12.016Z"}
{"level":"info","message":"listening on port 3000...","timestamp":"2018-06-09T23:54:04.622Z"}
{"level":"info","message":"Connected to mongodb://localhost/todo_tests...","timestamp":"2018-06-09T23:54:04.633Z"}
{"level":"info","message":"listening on port 3000...","timestamp":"2018-06-09T23:54:28.857Z"}
{"level":"info","message":"Connected to mongodb://localhost/todo_tests...","timestamp":"2018-06-09T23:54:28.872Z"}
{"level":"info","message":"listening on port 3000...","timestamp":"2018-06-09T23:55:11.965Z"}
{"level":"info","message":"Connected to mongodb://localhost/todo_tests...","timestamp":"2018-06-09T23:55:11.981Z"}
{"level":"info","message":"listening on port 3000...","timestamp":"2018-06-09T23:59:11.623Z"}
{"level":"info","message":"Connected to mongodb://localhost/todo_tests...","timestamp":"2018-06-09T23:59:11.636Z"}
{"level":"info","message":"listening on port 3000...","timestamp":"2018-06-10T00:00:27.442Z"}
{"level":"info","message":"Connected to mongodb://localhost/todo_tests...","timestamp":"2018-06-10T00:00:27.455Z"}
{"level":"info","message":"listening on port 3000...","timestamp":"2018-06-10T00:03:45.971Z"}
{"level":"info","message":"Connected to mongodb://localhost/todo_tests...","timestamp":"2018-06-10T00:03:45.984Z"}
{"level":"info","message":"listening on port 3000...","timestamp":"2018-06-10T00:04:30.488Z"}
{"level":"info","message":"Connected to mongodb://localhost/todo_tests...","timestamp":"2018-06-10T00:04:30.503Z"}
{"level":"info","message":"listening on port 3000...","timestamp":"2018-06-10T00:05:35.830Z"}
{"level":"info","message":"Connected to mongodb://localhost/todo_tests...","timestamp":"2018-06-10T00:05:35.844Z"}
{"level":"info","message":"listening on port 3000...","timestamp":"2018-06-10T00:06:38.049Z"}
{"level":"info","message":"Connected to mongodb://localhost/todo_tests...","timestamp":"2018-06-10T00:06:38.062Z"}
{"level":"info","message":"listening on port 3000...","timestamp":"2018-06-10T00:08:46.062Z"}
{"level":"info","message":"Connected to mongodb://localhost/todo_tests...","timestamp":"2018-06-10T00:08:46.074Z"}
{"level":"info","message":"listening on port 3000...","timestamp":"2018-06-10T00:10:22.152Z"}
{"level":"info","message":"Connected to mongodb://localhost/todo_tests...","timestamp":"2018-06-10T00:10:22.165Z"}
{"message":"Cast to date failed for value \"Invalid Date\" at path \"date\" for model \"Group\"","stack":"CastError: Cast to date failed for value \"Invalid Date\" at path \"date\" for model \"Group\"\n    at new CastError (/Users/eri/todo-app-backend/node_modules/mongoose/lib/error/cast.js:27:11)\n    at SchemaDate.Object.<anonymous>.SchemaDate.cast (/Users/eri/todo-app-backend/node_modules/mongoose/lib/schema/date.js:221:13)\n    at SchemaDate.handleSingle (/Users/eri/todo-app-backend/node_modules/mongoose/lib/schema/date.js:258:15)\n    at SchemaDate.Object.<anonymous>.SchemaDate.castForQuery (/Users/eri/todo-app-backend/node_modules/mongoose/lib/schema/date.js:291:18)\n    at SchemaDate.Object.<anonymous>.SchemaType.castForQueryWrapper (/Users/eri/todo-app-backend/node_modules/mongoose/lib/schematype.js:1077:17)\n    at cast (/Users/eri/todo-app-backend/node_modules/mongoose/lib/cast.js:281:39)\n    at model.Query.Object.<anonymous>.Query.cast (/Users/eri/todo-app-backend/node_modules/mongoose/lib/query.js:3310:12)\n    at model.Query.Object.<anonymous>.Query._castConditions (/Users/eri/todo-app-backend/node_modules/mongoose/lib/query.js:1293:10)\n    at model.Query.Object.<anonymous>.Query._find (/Users/eri/todo-app-backend/node_modules/mongoose/lib/query.js:1308:8)\n    at process.nextTick (/Users/eri/todo-app-backend/node_modules/kareem/index.js:315:33)\n    at _combinedTickCallback (internal/process/next_tick.js:131:7)\n    at process._tickCallback (internal/process/next_tick.js:180:9)","name":"CastError","stringValue":"\"Invalid Date\"","kind":"date","value":null,"path":"date","level":"error","timestamp":"2018-06-10T00:10:22.227Z"}
{"level":"info","message":"listening on port 3000...","timestamp":"2018-06-10T00:15:28.763Z"}
{"level":"info","message":"Connected to mongodb://localhost/todo_tests...","timestamp":"2018-06-10T00:15:28.774Z"}
{"level":"info","message":"listening on port 3000...","timestamp":"2018-06-10T00:16:34.583Z"}
{"level":"info","message":"Connected to mongodb://localhost/todo_tests...","timestamp":"2018-06-10T00:16:34.692Z"}
{"level":"info","message":"listening on port 3000...","timestamp":"2018-06-10T02:57:20.938Z"}
{"level":"info","message":"Connected to mongodb://localhost/todo_db...","timestamp":"2018-06-10T02:57:20.982Z"}
{"level":"info","message":"listening on port 3000...","timestamp":"2018-06-10T04:19:12.523Z"}
{"level":"info","message":"Connected to mongodb://localhost/todo_db...","timestamp":"2018-06-10T04:19:12.564Z"}
{"level":"info","message":"listening on port 3000...","timestamp":"2018-06-10T18:21:54.036Z"}
{"level":"info","message":"Connected to mongodb://localhost/todo_tests...","timestamp":"2018-06-10T18:21:54.157Z"}
{"level":"info","message":"listening on port 3000...","timestamp":"2018-06-10T18:27:02.646Z"}
{"level":"info","message":"Connected to mongodb://localhost/todo_tests...","timestamp":"2018-06-10T18:27:02.699Z"}
{"level":"info","message":"listening on port 3000...","timestamp":"2018-06-10T18:29:31.181Z"}
{"level":"info","message":"Connected to mongodb://localhost/todo_tests...","timestamp":"2018-06-10T18:29:31.199Z"}
{"level":"info","message":"listening on port 3000...","timestamp":"2018-06-10T18:29:34.068Z"}
{"level":"info","message":"Connected to mongodb://localhost/todo_tests...","timestamp":"2018-06-10T18:29:34.185Z"}
{"level":"info","message":"listening on port 3000...","timestamp":"2018-06-10T18:31:20.274Z"}
{"level":"info","message":"Connected to mongodb://localhost/todo_tests...","timestamp":"2018-06-10T18:31:20.286Z"}
{"level":"info","message":"listening on port 3000...","timestamp":"2018-06-10T18:31:44.978Z"}
{"level":"info","message":"Connected to mongodb://localhost/todo_tests...","timestamp":"2018-06-10T18:31:45.038Z"}
{"level":"info","message":"listening on port 3000...","timestamp":"2018-06-10T18:32:13.223Z"}
{"level":"info","message":"Connected to mongodb://localhost/todo_tests...","timestamp":"2018-06-10T18:32:13.325Z"}
{"level":"info","message":"listening on port 3000...","timestamp":"2018-06-10T18:33:08.522Z"}
{"level":"info","message":"Connected to mongodb://localhost/todo_tests...","timestamp":"2018-06-10T18:33:08.536Z"}
{"level":"info","message":"listening on port 3000...","timestamp":"2018-06-10T18:33:42.019Z"}
{"level":"info","message":"Connected to mongodb://localhost/todo_tests...","timestamp":"2018-06-10T18:33:42.031Z"}
{"level":"info","message":"listening on port 3000...","timestamp":"2018-06-10T18:34:13.704Z"}
{"level":"info","message":"Connected to mongodb://localhost/todo_tests...","timestamp":"2018-06-10T18:34:13.724Z"}
{"level":"info","message":"listening on port 3000...","timestamp":"2018-06-10T18:34:56.873Z"}
{"level":"info","message":"Connected to mongodb://localhost/todo_tests...","timestamp":"2018-06-10T18:34:56.887Z"}
{"level":"info","message":"listening on port 3000...","timestamp":"2018-06-10T18:37:08.219Z"}
{"level":"info","message":"Connected to mongodb://localhost/todo_tests...","timestamp":"2018-06-10T18:37:08.243Z"}
{"level":"info","message":"listening on port 3000...","timestamp":"2018-06-10T18:37:50.442Z"}
{"level":"info","message":"Connected to mongodb://localhost/todo_tests...","timestamp":"2018-06-10T18:37:50.456Z"}
{"level":"info","message":"listening on port 3000...","timestamp":"2018-06-10T18:46:25.294Z"}
{"level":"info","message":"Connected to mongodb://localhost/todo_tests...","timestamp":"2018-06-10T18:46:25.395Z"}
{"level":"info","message":"listening on port 3000...","timestamp":"2018-06-10T18:46:27.481Z"}
{"level":"info","message":"Connected to mongodb://localhost/todo_tests...","timestamp":"2018-06-10T18:46:27.585Z"}
{"level":"info","message":"listening on port 3000...","timestamp":"2018-06-10T18:56:00.918Z"}
{"level":"info","message":"Connected to mongodb://localhost/todo_db...","timestamp":"2018-06-10T18:56:00.951Z"}
{"level":"info","message":"listening on port 3000...","timestamp":"2018-06-10T19:00:07.639Z"}
{"level":"info","message":"Connected to mongodb://localhost/todo_db...","timestamp":"2018-06-10T19:00:07.677Z"}
{"level":"info","message":"listening on port 3000...","timestamp":"2018-06-10T19:00:33.713Z"}
{"level":"info","message":"Connected to mongodb://localhost/todo_tests...","timestamp":"2018-06-10T19:00:33.783Z"}
{"level":"info","message":"listening on port 3000...","timestamp":"2018-06-10T19:00:50.795Z"}
{"level":"info","message":"Connected to mongodb://localhost/todo_tests...","timestamp":"2018-06-10T19:00:50.860Z"}
{"level":"info","message":"listening on port 3000...","timestamp":"2018-06-10T19:01:06.078Z"}
{"level":"info","message":"Connected to mongodb://localhost/todo_tests...","timestamp":"2018-06-10T19:01:06.133Z"}
{"level":"info","message":"listening on port 3000...","timestamp":"2018-06-10T19:01:56.607Z"}
{"level":"info","message":"Connected to mongodb://localhost/todo_tests...","timestamp":"2018-06-10T19:01:56.621Z"}
{"level":"info","message":"listening on port 3000...","timestamp":"2018-06-10T19:04:00.491Z"}
{"level":"info","message":"Connected to mongodb://localhost/todo_tests...","timestamp":"2018-06-10T19:04:00.519Z"}
{"level":"info","message":"listening on port 3000...","timestamp":"2018-06-10T19:04:15.332Z"}
{"level":"info","message":"Connected to mongodb://localhost/todo_tests...","timestamp":"2018-06-10T19:04:15.485Z"}
{"level":"info","message":"listening on port 3000...","timestamp":"2018-06-10T19:09:10.003Z"}
{"level":"info","message":"Connected to mongodb://localhost/todo_tests...","timestamp":"2018-06-10T19:09:10.022Z"}
{"level":"info","message":"listening on port 3000...","timestamp":"2018-06-10T19:11:12.481Z"}
{"level":"info","message":"Connected to mongodb://localhost/todo_tests...","timestamp":"2018-06-10T19:11:12.498Z"}
{"level":"info","message":"listening on port 3000...","timestamp":"2018-06-10T19:11:43.574Z"}
{"level":"info","message":"Connected to mongodb://localhost/todo_tests...","timestamp":"2018-06-10T19:11:43.590Z"}
{"level":"info","message":"listening on port 3000...","timestamp":"2018-06-10T19:12:18.666Z"}
{"level":"info","message":"Connected to mongodb://localhost/todo_tests...","timestamp":"2018-06-10T19:12:18.678Z"}
{"level":"info","message":"listening on port 3000...","timestamp":"2018-06-10T19:12:43.298Z"}
{"level":"info","message":"Connected to mongodb://localhost/todo_tests...","timestamp":"2018-06-10T19:12:43.310Z"}
{"level":"info","message":"listening on port 3000...","timestamp":"2018-06-10T19:12:52.174Z"}
{"level":"info","message":"Connected to mongodb://localhost/todo_tests...","timestamp":"2018-06-10T19:12:52.186Z"}
{"level":"info","message":"listening on port 3000...","timestamp":"2018-06-10T19:18:58.546Z"}
{"level":"info","message":"Connected to mongodb://localhost/todo_tests...","timestamp":"2018-06-10T19:18:58.572Z"}
{"level":"info","message":"listening on port 3000...","timestamp":"2018-06-10T19:19:35.884Z"}
{"level":"info","message":"Connected to mongodb://localhost/todo_tests...","timestamp":"2018-06-10T19:19:35.907Z"}
{"level":"info","message":"listening on port 3000...","timestamp":"2018-06-10T19:19:41.556Z"}
{"level":"info","message":"Connected to mongodb://localhost/todo_tests...","timestamp":"2018-06-10T19:19:41.593Z"}
{"level":"info","message":"listening on port 3000...","timestamp":"2018-06-10T19:20:36.709Z"}
{"level":"info","message":"Connected to mongodb://localhost/todo_tests...","timestamp":"2018-06-10T19:20:36.866Z"}
{"level":"info","message":"listening on port 3000...","timestamp":"2018-06-10T19:21:05.623Z"}
{"level":"info","message":"Connected to mongodb://localhost/todo_tests...","timestamp":"2018-06-10T19:21:05.645Z"}
{"level":"info","message":"listening on port 3000...","timestamp":"2018-06-10T19:21:38.852Z"}
{"level":"info","message":"Connected to mongodb://localhost/todo_tests...","timestamp":"2018-06-10T19:21:38.872Z"}
{"level":"info","message":"listening on port 3000...","timestamp":"2018-06-10T19:22:33.823Z"}
{"level":"info","message":"Connected to mongodb://localhost/todo_tests...","timestamp":"2018-06-10T19:22:33.839Z"}
{"level":"info","message":"listening on port 3000...","timestamp":"2018-06-10T19:23:34.756Z"}
{"level":"info","message":"Connected to mongodb://localhost/todo_tests...","timestamp":"2018-06-10T19:23:34.780Z"}
{"level":"info","message":"listening on port 3000...","timestamp":"2018-06-10T19:40:18.872Z"}
{"level":"info","message":"Connected to mongodb://localhost/todo_tests...","timestamp":"2018-06-10T19:40:18.887Z"}
{"level":"info","message":"listening on port 3000...","timestamp":"2018-06-10T19:42:37.120Z"}
{"level":"info","message":"Connected to mongodb://localhost/todo_tests...","timestamp":"2018-06-10T19:42:37.258Z"}
{"level":"info","message":"listening on port 3000...","timestamp":"2018-06-10T19:43:01.864Z"}
{"level":"info","message":"Connected to mongodb://localhost/todo_tests...","timestamp":"2018-06-10T19:43:02.000Z"}
{"level":"info","message":"listening on port 3000...","timestamp":"2018-06-10T19:44:57.034Z"}
{"level":"info","message":"Connected to mongodb://localhost/todo_tests...","timestamp":"2018-06-10T19:44:57.051Z"}
{"level":"info","message":"listening on port 3000...","timestamp":"2018-06-10T20:00:39.495Z"}
{"level":"info","message":"Connected to mongodb://localhost/todo_tests...","timestamp":"2018-06-10T20:00:39.614Z"}
{"level":"info","message":"listening on port 3000...","timestamp":"2018-06-10T20:04:43.010Z"}
{"level":"info","message":"Connected to mongodb://localhost/todo_tests...","timestamp":"2018-06-10T20:04:43.142Z"}
{"level":"info","message":"listening on port 3000...","timestamp":"2018-06-10T20:04:44.036Z"}
{"level":"info","message":"Connected to mongodb://localhost/todo_tests...","timestamp":"2018-06-10T20:04:44.187Z"}
{"level":"info","message":"listening on port 3000...","timestamp":"2018-06-10T20:08:11.370Z"}
{"level":"info","message":"Connected to mongodb://localhost/todo_db...","timestamp":"2018-06-10T20:08:11.407Z"}
{"level":"info","message":"listening on port 3000...","timestamp":"2018-06-10T20:09:12.721Z"}
{"level":"info","message":"Connected to mongodb://localhost/todo_tests...","timestamp":"2018-06-10T20:09:12.783Z"}
{"level":"info","message":"listening on port 3000...","timestamp":"2018-06-10T20:09:13.511Z"}
{"level":"info","message":"Connected to mongodb://localhost/todo_tests...","timestamp":"2018-06-10T20:09:13.613Z"}
{"level":"info","message":"listening on port 3000...","timestamp":"2018-06-10T20:11:44.036Z"}
{"level":"info","message":"Connected to mongodb://localhost/todo_tests...","timestamp":"2018-06-10T20:11:44.118Z"}
{"level":"info","message":"listening on port 3000...","timestamp":"2018-06-10T20:11:44.629Z"}
{"level":"info","message":"Connected to mongodb://localhost/todo_tests...","timestamp":"2018-06-10T20:11:44.696Z"}
{"level":"info","message":"listening on port 3000...","timestamp":"2018-06-10T20:12:38.033Z"}
{"level":"info","message":"Connected to mongodb://localhost/todo_tests...","timestamp":"2018-06-10T20:12:38.120Z"}
{"level":"info","message":"listening on port 3000...","timestamp":"2018-06-10T20:12:38.587Z"}
{"level":"info","message":"Connected to mongodb://localhost/todo_tests...","timestamp":"2018-06-10T20:12:38.653Z"}
{"level":"info","message":"listening on port 3000...","timestamp":"2018-06-10T20:14:31.900Z"}
{"level":"info","message":"Connected to mongodb://localhost/todo_tests...","timestamp":"2018-06-10T20:14:31.981Z"}
{"level":"info","message":"listening on port 3000...","timestamp":"2018-06-10T20:14:32.438Z"}
{"level":"info","message":"Connected to mongodb://localhost/todo_tests...","timestamp":"2018-06-10T20:14:32.508Z"}
{"level":"info","message":"listening on port 3000...","timestamp":"2018-06-10T20:15:14.940Z"}
{"level":"info","message":"Connected to mongodb://localhost/todo_tests...","timestamp":"2018-06-10T20:15:15.024Z"}
{"level":"info","message":"listening on port 3000...","timestamp":"2018-06-10T20:15:15.448Z"}
{"level":"info","message":"Connected to mongodb://localhost/todo_tests...","timestamp":"2018-06-10T20:15:15.515Z"}
{"level":"info","message":"listening on port 3000...","timestamp":"2018-06-10T20:19:57.002Z"}
{"level":"info","message":"Connected to mongodb://localhost/todo_tests...","timestamp":"2018-06-10T20:19:57.020Z"}
{"level":"info","message":"listening on port 3000...","timestamp":"2018-06-10T20:19:57.504Z"}
{"level":"info","message":"Connected to mongodb://localhost/todo_tests...","timestamp":"2018-06-10T20:19:57.623Z"}
{"level":"info","message":"listening on port 3000...","timestamp":"2018-06-10T20:20:52.833Z"}
{"level":"info","message":"Connected to mongodb://localhost/todo_tests...","timestamp":"2018-06-10T20:20:52.866Z"}
{"level":"info","message":"listening on port 3000...","timestamp":"2018-06-10T20:20:53.528Z"}
{"level":"info","message":"Connected to mongodb://localhost/todo_tests...","timestamp":"2018-06-10T20:20:53.697Z"}
{"level":"info","message":"listening on port 3000...","timestamp":"2018-06-10T20:23:40.475Z"}
{"level":"info","message":"Connected to mongodb://localhost/todo_tests...","timestamp":"2018-06-10T20:23:40.497Z"}
{"level":"info","message":"listening on port 3000...","timestamp":"2018-06-10T20:23:41.008Z"}
{"level":"info","message":"Connected to mongodb://localhost/todo_tests...","timestamp":"2018-06-10T20:23:41.207Z"}
{"level":"info","message":"listening on port 3000...","timestamp":"2018-06-10T20:24:27.746Z"}
{"level":"info","message":"Connected to mongodb://localhost/todo_tests...","timestamp":"2018-06-10T20:24:27.765Z"}
{"level":"info","message":"listening on port 3000...","timestamp":"2018-06-10T20:24:28.156Z"}
{"level":"info","message":"Connected to mongodb://localhost/todo_tests...","timestamp":"2018-06-10T20:24:28.351Z"}
{"level":"info","message":"listening on port 3000...","timestamp":"2018-06-10T20:28:09.176Z"}
{"level":"info","message":"Connected to mongodb://localhost/todo_tests...","timestamp":"2018-06-10T20:28:09.195Z"}
{"level":"info","message":"listening on port 3000...","timestamp":"2018-06-10T20:28:09.686Z"}
{"level":"info","message":"Connected to mongodb://localhost/todo_tests...","timestamp":"2018-06-10T20:28:09.706Z"}
{"level":"info","message":"listening on port 3000...","timestamp":"2018-06-10T20:31:19.256Z"}
{"level":"info","message":"Connected to mongodb://localhost/todo_tests...","timestamp":"2018-06-10T20:31:19.405Z"}
{"level":"info","message":"listening on port 3000...","timestamp":"2018-06-10T20:31:19.757Z"}
{"level":"info","message":"Connected to mongodb://localhost/todo_tests...","timestamp":"2018-06-10T20:31:19.772Z"}
{"level":"info","message":"listening on port 3000...","timestamp":"2018-06-10T20:32:00.042Z"}
{"level":"info","message":"Connected to mongodb://localhost/todo_tests...","timestamp":"2018-06-10T20:32:00.056Z"}
{"level":"info","message":"listening on port 3000...","timestamp":"2018-06-10T20:32:00.861Z"}
{"level":"info","message":"Connected to mongodb://localhost/todo_tests...","timestamp":"2018-06-10T20:32:00.875Z"}
{"level":"info","message":"listening on port 3000...","timestamp":"2018-06-10T20:32:11.185Z"}
{"level":"info","message":"Connected to mongodb://localhost/todo_tests...","timestamp":"2018-06-10T20:32:11.201Z"}
{"level":"info","message":"listening on port 3000...","timestamp":"2018-06-10T20:32:11.681Z"}
{"level":"info","message":"Connected to mongodb://localhost/todo_tests...","timestamp":"2018-06-10T20:32:11.896Z"}
{"level":"info","message":"listening on port 3000...","timestamp":"2018-06-10T20:58:03.262Z"}
{"level":"info","message":"Connected to mongodb://localhost/todo_tests...","timestamp":"2018-06-10T20:58:03.374Z"}
{"level":"info","message":"listening on port 3000...","timestamp":"2018-06-10T20:58:37.059Z"}
{"level":"info","message":"Connected to mongodb://localhost/todo_tests...","timestamp":"2018-06-10T20:58:37.135Z"}
{"level":"info","message":"listening on port 3000...","timestamp":"2018-06-10T20:58:38.087Z"}
{"level":"info","message":"Connected to mongodb://localhost/todo_tests...","timestamp":"2018-06-10T20:58:38.140Z"}
{"message":"Cast to ObjectId failed for value \"1\" at path \"_id\" for model \"Group\"","stack":"CastError: Cast to ObjectId failed for value \"1\" at path \"_id\" for model \"Group\"\n    at new CastError (/Users/eri/todo-app-backend/node_modules/mongoose/lib/error/cast.js:27:11)\n    at ObjectId.Object.<anonymous>.ObjectId.cast (/Users/eri/todo-app-backend/node_modules/mongoose/lib/schema/objectid.js:158:13)\n    at ObjectId.Object.<anonymous>.SchemaType.applySetters (/Users/eri/todo-app-backend/node_modules/mongoose/lib/schematype.js:724:12)\n    at ObjectId.Object.<anonymous>.SchemaType._castForQuery (/Users/eri/todo-app-backend/node_modules/mongoose/lib/schematype.js:1113:15)\n    at ObjectId.Object.<anonymous>.SchemaType.castForQuery (/Users/eri/todo-app-backend/node_modules/mongoose/lib/schematype.js:1103:15)\n    at ObjectId.Object.<anonymous>.SchemaType.castForQueryWrapper (/Users/eri/todo-app-backend/node_modules/mongoose/lib/schematype.js:1082:15)\n    at cast (/Users/eri/todo-app-backend/node_modules/mongoose/lib/cast.js:300:32)\n    at model.Query.Object.<anonymous>.Query.cast (/Users/eri/todo-app-backend/node_modules/mongoose/lib/query.js:3310:12)\n    at model.Query.Object.<anonymous>.Query._castConditions (/Users/eri/todo-app-backend/node_modules/mongoose/lib/query.js:1293:10)\n    at model.Query.Object.<anonymous>.Query._findOne (/Users/eri/todo-app-backend/node_modules/mongoose/lib/query.js:1517:8)\n    at process.nextTick (/Users/eri/todo-app-backend/node_modules/kareem/index.js:315:33)\n    at _combinedTickCallback (internal/process/next_tick.js:131:7)\n    at process._tickCallback (internal/process/next_tick.js:180:9)","name":"CastError","stringValue":"\"1\"","kind":"ObjectId","value":"1","path":"_id","level":"error","timestamp":"2018-06-10T20:58:38.441Z"}
{"level":"info","message":"listening on port 3000...","timestamp":"2018-06-10T21:04:02.353Z"}
{"level":"info","message":"Connected to mongodb://localhost/todo_tests...","timestamp":"2018-06-10T21:04:02.373Z"}
{"level":"info","message":"listening on port 3000...","timestamp":"2018-06-10T21:04:03.205Z"}
{"level":"info","message":"Connected to mongodb://localhost/todo_tests...","timestamp":"2018-06-10T21:04:03.231Z"}
{"level":"info","message":"listening on port 3000...","timestamp":"2018-06-10T21:09:35.821Z"}
{"level":"info","message":"Connected to mongodb://localhost/todo_tests...","timestamp":"2018-06-10T21:09:35.837Z"}
{"level":"info","message":"listening on port 3000...","timestamp":"2018-06-10T21:09:36.448Z"}
{"level":"info","message":"Connected to mongodb://localhost/todo_tests...","timestamp":"2018-06-10T21:09:36.591Z"}
{"level":"info","message":"listening on port 3000...","timestamp":"2018-06-10T21:11:12.335Z"}
{"level":"info","message":"Connected to mongodb://localhost/todo_tests...","timestamp":"2018-06-10T21:11:12.352Z"}
{"level":"info","message":"listening on port 3000...","timestamp":"2018-06-10T21:11:13.083Z"}
{"level":"info","message":"Connected to mongodb://localhost/todo_tests...","timestamp":"2018-06-10T21:11:13.098Z"}
{"level":"info","message":"listening on port 3000...","timestamp":"2018-06-10T21:15:09.187Z"}
{"level":"info","message":"Connected to mongodb://localhost/todo_tests...","timestamp":"2018-06-10T21:15:09.219Z"}
{"level":"info","message":"listening on port 3000...","timestamp":"2018-06-10T21:15:10.340Z"}
{"level":"info","message":"Connected to mongodb://localhost/todo_tests...","timestamp":"2018-06-10T21:15:10.513Z"}
{"level":"info","message":"listening on port 3000...","timestamp":"2018-06-10T21:15:17.075Z"}
{"level":"info","message":"Connected to mongodb://localhost/todo_tests...","timestamp":"2018-06-10T21:15:17.091Z"}
{"level":"info","message":"listening on port 3000...","timestamp":"2018-06-10T21:15:17.627Z"}
{"level":"info","message":"Connected to mongodb://localhost/todo_tests...","timestamp":"2018-06-10T21:15:17.644Z"}
{"level":"info","message":"listening on port 3000...","timestamp":"2018-06-10T21:16:13.545Z"}
{"level":"info","message":"Connected to mongodb://localhost/todo_db...","timestamp":"2018-06-10T21:16:13.579Z"}
{"level":"info","message":"listening on port 3000...","timestamp":"2018-06-10T21:17:16.991Z"}
{"level":"info","message":"Connected to mongodb://localhost/todo_tests...","timestamp":"2018-06-10T21:17:17.013Z"}
{"level":"info","message":"listening on port 3000...","timestamp":"2018-06-10T21:17:17.727Z"}
{"level":"info","message":"Connected to mongodb://localhost/todo_tests...","timestamp":"2018-06-10T21:17:17.854Z"}
{"level":"info","message":"listening on port 3000...","timestamp":"2018-06-10T21:17:57.253Z"}
{"level":"info","message":"Connected to mongodb://localhost/todo_tests...","timestamp":"2018-06-10T21:17:57.319Z"}
{"level":"info","message":"listening on port 3000...","timestamp":"2018-06-10T21:17:58.173Z"}
{"level":"info","message":"Connected to mongodb://localhost/todo_tests...","timestamp":"2018-06-10T21:17:58.462Z"}
{"level":"info","message":"listening on port 3000...","timestamp":"2018-06-10T21:19:13.313Z"}
{"level":"info","message":"listening on port 3000...","timestamp":"2018-06-10T21:19:13.289Z"}
{"level":"info","message":"Connected to mongodb://localhost/todo_tests...","timestamp":"2018-06-10T21:19:13.394Z"}
{"level":"info","message":"Connected to mongodb://localhost/todo_tests...","timestamp":"2018-06-10T21:19:13.397Z"}
{"level":"info","message":"listening on port 3000...","timestamp":"2018-06-10T21:21:51.192Z"}
{"level":"info","message":"Connected to mongodb://localhost/todo_tests...","timestamp":"2018-06-10T21:21:51.289Z"}
{"level":"info","message":"listening on port 3000...","timestamp":"2018-06-10T21:21:51.213Z"}
{"level":"info","message":"Connected to mongodb://localhost/todo_tests...","timestamp":"2018-06-10T21:21:51.341Z"}
{"level":"info","message":"listening on port 3000...","timestamp":"2018-06-10T21:22:13.128Z"}
{"level":"info","message":"listening on port 3000...","timestamp":"2018-06-10T21:22:13.185Z"}
{"level":"info","message":"Connected to mongodb://localhost/todo_tests...","timestamp":"2018-06-10T21:22:13.218Z"}
{"level":"info","message":"Connected to mongodb://localhost/todo_tests...","timestamp":"2018-06-10T21:22:13.266Z"}
{"level":"info","message":"listening on port 3000...","timestamp":"2018-06-10T21:22:22.753Z"}
{"level":"info","message":"Connected to mongodb://localhost/todo_tests...","timestamp":"2018-06-10T21:22:22.844Z"}
{"level":"info","message":"listening on port 3000...","timestamp":"2018-06-10T21:22:22.801Z"}
{"level":"info","message":"Connected to mongodb://localhost/todo_tests...","timestamp":"2018-06-10T21:22:22.921Z"}
{"level":"info","message":"listening on port 3000...","timestamp":"2018-06-10T21:23:02.704Z"}
{"level":"info","message":"listening on port 3000...","timestamp":"2018-06-10T21:23:02.776Z"}
{"level":"info","message":"Connected to mongodb://localhost/todo_tests...","timestamp":"2018-06-10T21:23:02.807Z"}
{"level":"info","message":"Connected to mongodb://localhost/todo_tests...","timestamp":"2018-06-10T21:23:02.910Z"}
{"level":"info","message":"listening on port 3000...","timestamp":"2018-06-10T21:23:50.435Z"}
{"level":"info","message":"Connected to mongodb://localhost/todo_tests...","timestamp":"2018-06-10T21:23:50.512Z"}
{"level":"info","message":"listening on port 3000...","timestamp":"2018-06-10T21:23:50.886Z"}
{"level":"info","message":"Connected to mongodb://localhost/todo_tests...","timestamp":"2018-06-10T21:23:50.952Z"}
{"level":"info","message":"listening on port 3000...","timestamp":"2018-06-10T21:24:49.686Z"}
{"level":"info","message":"Connected to mongodb://localhost/todo_tests...","timestamp":"2018-06-10T21:24:49.800Z"}
{"level":"info","message":"listening on port 3000...","timestamp":"2018-06-10T21:24:50.315Z"}
{"level":"info","message":"Connected to mongodb://localhost/todo_tests...","timestamp":"2018-06-10T21:24:50.387Z"}
{"level":"info","message":"listening on port 3000...","timestamp":"2018-06-10T21:25:33.240Z"}
{"level":"info","message":"Connected to mongodb://localhost/todo_tests...","timestamp":"2018-06-10T21:25:33.317Z"}
{"level":"info","message":"listening on port 3000...","timestamp":"2018-06-10T21:25:33.709Z"}
{"level":"info","message":"Connected to mongodb://localhost/todo_tests...","timestamp":"2018-06-10T21:25:33.774Z"}
{"level":"info","message":"listening on port 3000...","timestamp":"2018-06-10T21:30:58.367Z"}
{"level":"info","message":"Connected to mongodb://localhost/todo_tests...","timestamp":"2018-06-10T21:30:58.448Z"}
{"level":"info","message":"listening on port 3000...","timestamp":"2018-06-10T21:30:59.016Z"}
{"level":"info","message":"Connected to mongodb://localhost/todo_tests...","timestamp":"2018-06-10T21:30:59.113Z"}
{"level":"info","message":"listening on port 3000...","timestamp":"2018-06-10T21:32:46.294Z"}
{"level":"info","message":"Connected to mongodb://localhost/todo_tests...","timestamp":"2018-06-10T21:32:46.384Z"}
{"level":"info","message":"listening on port 3000...","timestamp":"2018-06-10T21:32:47.090Z"}
{"level":"info","message":"Connected to mongodb://localhost/todo_tests...","timestamp":"2018-06-10T21:32:47.158Z"}
{"level":"info","message":"listening on port 3000...","timestamp":"2018-06-10T21:34:10.147Z"}
{"level":"info","message":"Connected to mongodb://localhost/todo_tests...","timestamp":"2018-06-10T21:34:10.264Z"}
{"level":"info","message":"listening on port 3000...","timestamp":"2018-06-10T21:34:10.794Z"}
{"level":"info","message":"Connected to mongodb://localhost/todo_tests...","timestamp":"2018-06-10T21:34:10.865Z"}
{"level":"info","message":"listening on port 3000...","timestamp":"2018-06-10T21:35:37.793Z"}
{"level":"info","message":"Connected to mongodb://localhost/todo_tests...","timestamp":"2018-06-10T21:35:37.874Z"}
{"level":"info","message":"listening on port 3000...","timestamp":"2018-06-10T21:35:38.213Z"}
{"level":"info","message":"Connected to mongodb://localhost/todo_tests...","timestamp":"2018-06-10T21:35:38.288Z"}
{"level":"info","message":"listening on port 3000...","timestamp":"2018-06-10T21:37:18.328Z"}
{"level":"info","message":"listening on port 3000...","timestamp":"2018-06-10T21:37:18.396Z"}
{"level":"info","message":"Connected to mongodb://localhost/todo_tests...","timestamp":"2018-06-10T21:37:18.415Z"}
{"level":"info","message":"Connected to mongodb://localhost/todo_tests...","timestamp":"2018-06-10T21:37:18.481Z"}
{"level":"info","message":"listening on port 3000...","timestamp":"2018-06-10T21:38:09.030Z"}
{"level":"info","message":"Connected to mongodb://localhost/todo_tests...","timestamp":"2018-06-10T21:38:09.143Z"}
{"level":"info","message":"listening on port 3000...","timestamp":"2018-06-10T21:38:09.820Z"}
{"level":"info","message":"Connected to mongodb://localhost/todo_tests...","timestamp":"2018-06-10T21:38:09.912Z"}
{"level":"info","message":"listening on port 3000...","timestamp":"2018-06-10T21:39:03.056Z"}
{"level":"info","message":"Connected to mongodb://localhost/todo_tests...","timestamp":"2018-06-10T21:39:03.152Z"}
{"level":"info","message":"listening on port 3000...","timestamp":"2018-06-10T21:39:03.223Z"}
{"level":"info","message":"Connected to mongodb://localhost/todo_tests...","timestamp":"2018-06-10T21:39:03.357Z"}
{"level":"info","message":"listening on port 3000...","timestamp":"2018-06-10T21:39:15.197Z"}
{"level":"info","message":"Connected to mongodb://localhost/todo_tests...","timestamp":"2018-06-10T21:39:15.293Z"}
{"level":"info","message":"listening on port 3000...","timestamp":"2018-06-10T21:39:15.863Z"}
{"level":"info","message":"Connected to mongodb://localhost/todo_tests...","timestamp":"2018-06-10T21:39:15.942Z"}
{"level":"info","message":"listening on port 3000...","timestamp":"2018-06-10T21:43:49.850Z"}
{"level":"info","message":"Connected to mongodb://localhost/todo_tests...","timestamp":"2018-06-10T21:43:49.935Z"}
{"level":"info","message":"listening on port 3000...","timestamp":"2018-06-10T21:43:49.904Z"}
{"level":"info","message":"Connected to mongodb://localhost/todo_tests...","timestamp":"2018-06-10T21:43:50.118Z"}
{"level":"info","message":"listening on port 3000...","timestamp":"2018-06-10T21:47:08.583Z"}
{"level":"info","message":"Connected to mongodb://localhost/todo_tests...","timestamp":"2018-06-10T21:47:08.643Z"}
{"level":"info","message":"listening on port 3000...","timestamp":"2018-06-10T21:47:19.393Z"}
{"level":"info","message":"Connected to mongodb://localhost/todo_tests...","timestamp":"2018-06-10T21:47:19.478Z"}
{"level":"info","message":"listening on port 3000...","timestamp":"2018-06-10T21:47:20.446Z"}
{"level":"info","message":"Connected to mongodb://localhost/todo_tests...","timestamp":"2018-06-10T21:47:20.501Z"}
{"level":"info","message":"listening on port 3000...","timestamp":"2018-06-10T21:47:32.817Z"}
{"level":"info","message":"Connected to mongodb://localhost/todo_tests...","timestamp":"2018-06-10T21:47:32.947Z"}
{"level":"info","message":"listening on port 3000...","timestamp":"2018-06-10T21:47:33.583Z"}
{"level":"info","message":"Connected to mongodb://localhost/todo_tests...","timestamp":"2018-06-10T21:47:33.662Z"}
{"level":"info","message":"listening on port 3000...","timestamp":"2018-06-10T21:48:21.629Z"}
{"level":"info","message":"listening on port 3000...","timestamp":"2018-06-10T21:48:21.758Z"}
{"level":"info","message":"Connected to mongodb://localhost/todo_tests...","timestamp":"2018-06-10T21:48:21.901Z"}
{"level":"info","message":"Connected to mongodb://localhost/todo_tests...","timestamp":"2018-06-10T21:48:21.941Z"}
{"level":"info","message":"listening on port 3000...","timestamp":"2018-06-10T21:49:26.510Z"}
{"level":"info","message":"Connected to mongodb://localhost/todo_tests...","timestamp":"2018-06-10T21:49:26.591Z"}
{"level":"info","message":"listening on port 3000...","timestamp":"2018-06-10T21:49:27.093Z"}
{"level":"info","message":"Connected to mongodb://localhost/todo_tests...","timestamp":"2018-06-10T21:49:27.163Z"}
{"level":"info","message":"listening on port 3000...","timestamp":"2018-06-10T21:50:03.797Z"}
{"level":"info","message":"Connected to mongodb://localhost/todo_tests...","timestamp":"2018-06-10T21:50:03.880Z"}
{"level":"info","message":"listening on port 3000...","timestamp":"2018-06-10T21:50:04.331Z"}
{"level":"info","message":"Connected to mongodb://localhost/todo_tests...","timestamp":"2018-06-10T21:50:04.394Z"}
{"level":"info","message":"listening on port 3000...","timestamp":"2018-06-10T21:50:56.709Z"}
{"level":"info","message":"Connected to mongodb://localhost/todo_tests...","timestamp":"2018-06-10T21:50:56.789Z"}
{"level":"info","message":"listening on port 3000...","timestamp":"2018-06-10T21:50:56.816Z"}
{"level":"info","message":"Connected to mongodb://localhost/todo_tests...","timestamp":"2018-06-10T21:50:56.902Z"}
{"level":"info","message":"listening on port 3000...","timestamp":"2018-06-10T21:52:45.753Z"}
{"level":"info","message":"Connected to mongodb://localhost/todo_tests...","timestamp":"2018-06-10T21:52:45.840Z"}
{"level":"info","message":"listening on port 3000...","timestamp":"2018-06-10T21:52:46.379Z"}
{"level":"info","message":"Connected to mongodb://localhost/todo_tests...","timestamp":"2018-06-10T21:52:46.460Z"}
{"level":"info","message":"listening on port 3000...","timestamp":"2018-06-10T21:54:02.623Z"}
{"level":"info","message":"Connected to mongodb://localhost/todo_tests...","timestamp":"2018-06-10T21:54:02.704Z"}
{"level":"info","message":"listening on port 3000...","timestamp":"2018-06-10T21:54:03.128Z"}
{"level":"info","message":"Connected to mongodb://localhost/todo_tests...","timestamp":"2018-06-10T21:54:03.195Z"}
{"level":"info","message":"listening on port 3000...","timestamp":"2018-06-10T21:55:34.145Z"}
{"level":"info","message":"Connected to mongodb://localhost/todo_tests...","timestamp":"2018-06-10T21:55:34.230Z"}
{"level":"info","message":"listening on port 3000...","timestamp":"2018-06-10T21:55:34.476Z"}
{"level":"info","message":"Connected to mongodb://localhost/todo_tests...","timestamp":"2018-06-10T21:55:34.543Z"}
{"level":"info","message":"listening on port 3000...","timestamp":"2018-06-10T21:56:01.634Z"}
{"level":"info","message":"Connected to mongodb://localhost/todo_tests...","timestamp":"2018-06-10T21:56:01.715Z"}
{"level":"info","message":"listening on port 3000...","timestamp":"2018-06-10T21:56:02.206Z"}
{"level":"info","message":"Connected to mongodb://localhost/todo_tests...","timestamp":"2018-06-10T21:56:02.279Z"}
{"level":"info","message":"listening on port 3000...","timestamp":"2018-06-10T21:57:37.098Z"}
{"level":"info","message":"Connected to mongodb://localhost/todo_tests...","timestamp":"2018-06-10T21:57:37.231Z"}
{"level":"info","message":"listening on port 3000...","timestamp":"2018-06-10T21:57:37.868Z"}
{"level":"info","message":"Connected to mongodb://localhost/todo_tests...","timestamp":"2018-06-10T21:57:37.943Z"}
{"level":"info","message":"listening on port 3000...","timestamp":"2018-06-10T21:59:20.119Z"}
{"level":"info","message":"Connected to mongodb://localhost/todo_tests...","timestamp":"2018-06-10T21:59:20.214Z"}
{"level":"info","message":"listening on port 3000...","timestamp":"2018-06-10T21:59:20.164Z"}
{"level":"info","message":"Connected to mongodb://localhost/todo_tests...","timestamp":"2018-06-10T21:59:20.326Z"}
{"level":"info","message":"listening on port 3000...","timestamp":"2018-06-10T21:59:52.156Z"}
{"level":"info","message":"Connected to mongodb://localhost/todo_db...","timestamp":"2018-06-10T21:59:52.194Z"}
{"level":"info","message":"listening on port 3000...","timestamp":"2018-06-10T22:00:44.876Z"}
{"level":"info","message":"Connected to mongodb://localhost/todo_tests...","timestamp":"2018-06-10T22:00:44.990Z"}
{"level":"info","message":"listening on port 3000...","timestamp":"2018-06-10T22:00:44.918Z"}
{"level":"info","message":"Connected to mongodb://localhost/todo_tests...","timestamp":"2018-06-10T22:00:45.066Z"}
{"level":"info","message":"listening on port 3000...","timestamp":"2018-06-10T22:01:57.496Z"}
{"level":"info","message":"listening on port 3000...","timestamp":"2018-06-10T22:01:57.565Z"}
{"level":"info","message":"Connected to mongodb://localhost/todo_tests...","timestamp":"2018-06-10T22:01:57.602Z"}
{"level":"info","message":"Connected to mongodb://localhost/todo_tests...","timestamp":"2018-06-10T22:01:57.642Z"}
{"level":"info","message":"listening on port 3000...","timestamp":"2018-06-10T22:03:16.277Z"}
{"level":"info","message":"Connected to mongodb://localhost/todo_tests...","timestamp":"2018-06-10T22:03:16.383Z"}
{"level":"info","message":"listening on port 3000...","timestamp":"2018-06-10T22:03:17.444Z"}
{"level":"info","message":"Connected to mongodb://localhost/todo_tests...","timestamp":"2018-06-10T22:03:17.525Z"}
{"level":"info","message":"listening on port 3000...","timestamp":"2018-06-10T22:04:05.365Z"}
{"level":"info","message":"listening on port 3000...","timestamp":"2018-06-10T22:04:05.359Z"}
{"level":"info","message":"Connected to mongodb://localhost/todo_tests...","timestamp":"2018-06-10T22:04:05.469Z"}
{"level":"info","message":"Connected to mongodb://localhost/todo_tests...","timestamp":"2018-06-10T22:04:05.483Z"}
{"level":"info","message":"listening on port 3000...","timestamp":"2018-06-10T22:05:07.078Z"}
{"level":"info","message":"listening on port 3000...","timestamp":"2018-06-10T22:05:07.095Z"}
{"level":"info","message":"Connected to mongodb://localhost/todo_tests...","timestamp":"2018-06-10T22:05:07.159Z"}
{"level":"info","message":"Connected to mongodb://localhost/todo_tests...","timestamp":"2018-06-10T22:05:07.210Z"}
{"level":"info","message":"listening on port 3000...","timestamp":"2018-06-10T22:05:18.737Z"}
{"level":"info","message":"Connected to mongodb://localhost/todo_tests...","timestamp":"2018-06-10T22:05:18.834Z"}
{"level":"info","message":"listening on port 3000...","timestamp":"2018-06-10T22:05:18.813Z"}
{"level":"info","message":"Connected to mongodb://localhost/todo_tests...","timestamp":"2018-06-10T22:05:18.922Z"}
{"level":"info","message":"listening on port 3000...","timestamp":"2018-06-10T22:06:01.187Z"}
{"level":"info","message":"Connected to mongodb://localhost/todo_tests...","timestamp":"2018-06-10T22:06:01.274Z"}
{"level":"info","message":"listening on port 3000...","timestamp":"2018-06-10T22:06:02.539Z"}
{"level":"info","message":"Connected to mongodb://localhost/todo_tests...","timestamp":"2018-06-10T22:06:02.611Z"}
{"level":"info","message":"listening on port 3000...","timestamp":"2018-06-10T22:06:52.686Z"}
{"level":"info","message":"Connected to mongodb://localhost/todo_tests...","timestamp":"2018-06-10T22:06:52.767Z"}
{"level":"info","message":"listening on port 3000...","timestamp":"2018-06-10T22:06:53.350Z"}
{"level":"info","message":"Connected to mongodb://localhost/todo_tests...","timestamp":"2018-06-10T22:06:53.424Z"}
{"level":"info","message":"listening on port 3000...","timestamp":"2018-06-10T22:08:13.289Z"}
{"level":"info","message":"listening on port 3000...","timestamp":"2018-06-10T22:08:13.306Z"}
{"level":"info","message":"Connected to mongodb://localhost/todo_tests...","timestamp":"2018-06-10T22:08:13.377Z"}
{"level":"info","message":"Connected to mongodb://localhost/todo_tests...","timestamp":"2018-06-10T22:08:13.410Z"}
{"level":"info","message":"listening on port 3000...","timestamp":"2018-06-10T22:10:03.481Z"}
{"level":"info","message":"Connected to mongodb://localhost/todo_tests...","timestamp":"2018-06-10T22:10:03.585Z"}
{"level":"info","message":"listening on port 3000...","timestamp":"2018-06-10T22:10:04.153Z"}
{"level":"info","message":"Connected to mongodb://localhost/todo_tests...","timestamp":"2018-06-10T22:10:04.216Z"}
{"level":"info","message":"listening on port 3000...","timestamp":"2018-06-10T22:12:11.124Z"}
{"level":"info","message":"listening on port 3000...","timestamp":"2018-06-10T22:12:11.132Z"}
{"level":"info","message":"Connected to mongodb://localhost/todo_tests...","timestamp":"2018-06-10T22:12:11.220Z"}
{"level":"info","message":"Connected to mongodb://localhost/todo_tests...","timestamp":"2018-06-10T22:12:11.252Z"}
{"level":"info","message":"listening on port 3000...","timestamp":"2018-06-10T22:12:42.083Z"}
{"level":"info","message":"listening on port 3000...","timestamp":"2018-06-10T22:12:42.117Z"}
{"level":"info","message":"Connected to mongodb://localhost/todo_tests...","timestamp":"2018-06-10T22:12:42.177Z"}
{"level":"info","message":"Connected to mongodb://localhost/todo_tests...","timestamp":"2018-06-10T22:12:42.224Z"}
{"level":"info","message":"listening on port 3000...","timestamp":"2018-06-10T22:13:34.451Z"}
{"level":"info","message":"Connected to mongodb://localhost/todo_tests...","timestamp":"2018-06-10T22:13:34.551Z"}
{"level":"info","message":"listening on port 3000...","timestamp":"2018-06-10T22:13:34.489Z"}
{"level":"info","message":"Connected to mongodb://localhost/todo_tests...","timestamp":"2018-06-10T22:13:34.608Z"}
{"level":"info","message":"listening on port 3000...","timestamp":"2018-06-10T22:14:42.450Z"}
{"level":"info","message":"Connected to mongodb://localhost/todo_tests...","timestamp":"2018-06-10T22:14:42.556Z"}
{"level":"info","message":"listening on port 3000...","timestamp":"2018-06-10T22:14:44.127Z"}
{"level":"info","message":"Connected to mongodb://localhost/todo_tests...","timestamp":"2018-06-10T22:14:44.285Z"}
{"level":"info","message":"listening on port 3000...","timestamp":"2018-06-10T22:15:04.899Z"}
{"level":"info","message":"Connected to mongodb://localhost/todo_tests...","timestamp":"2018-06-10T22:15:04.992Z"}
{"level":"info","message":"listening on port 3000...","timestamp":"2018-06-10T22:15:04.922Z"}
{"level":"info","message":"Connected to mongodb://localhost/todo_tests...","timestamp":"2018-06-10T22:15:05.057Z"}
{"level":"info","message":"listening on port 3000...","timestamp":"2018-06-10T22:15:10.944Z"}
{"level":"info","message":"Connected to mongodb://localhost/todo_tests...","timestamp":"2018-06-10T22:15:11.047Z"}
{"level":"info","message":"listening on port 3000...","timestamp":"2018-06-10T22:15:11.514Z"}
{"level":"info","message":"Connected to mongodb://localhost/todo_tests...","timestamp":"2018-06-10T22:15:11.587Z"}
{"level":"info","message":"listening on port 3000...","timestamp":"2018-06-10T22:15:25.754Z"}
{"level":"info","message":"Connected to mongodb://localhost/todo_tests...","timestamp":"2018-06-10T22:15:25.846Z"}
{"level":"info","message":"listening on port 3000...","timestamp":"2018-06-10T22:15:26.261Z"}
{"level":"info","message":"Connected to mongodb://localhost/todo_tests...","timestamp":"2018-06-10T22:15:26.349Z"}
{"level":"info","message":"listening on port 3000...","timestamp":"2018-06-10T22:16:03.730Z"}
{"level":"info","message":"Connected to mongodb://localhost/todo_tests...","timestamp":"2018-06-10T22:16:03.817Z"}
{"level":"info","message":"listening on port 3000...","timestamp":"2018-06-10T22:16:04.391Z"}
{"level":"info","message":"Connected to mongodb://localhost/todo_tests...","timestamp":"2018-06-10T22:16:04.483Z"}
{"level":"info","message":"listening on port 3000...","timestamp":"2018-06-10T22:17:08.840Z"}
{"level":"info","message":"Connected to mongodb://localhost/todo_tests...","timestamp":"2018-06-10T22:17:08.918Z"}
{"level":"info","message":"listening on port 3000...","timestamp":"2018-06-10T22:17:09.458Z"}
{"level":"info","message":"Connected to mongodb://localhost/todo_tests...","timestamp":"2018-06-10T22:17:09.531Z"}
{"level":"info","message":"listening on port 3000...","timestamp":"2018-06-10T22:18:41.540Z"}
{"level":"info","message":"Connected to mongodb://localhost/todo_tests...","timestamp":"2018-06-10T22:18:41.613Z"}
{"level":"info","message":"listening on port 3000...","timestamp":"2018-06-10T22:19:00.962Z"}
{"level":"info","message":"Connected to mongodb://localhost/todo_tests...","timestamp":"2018-06-10T22:19:01.068Z"}
{"level":"info","message":"listening on port 3000...","timestamp":"2018-06-10T22:19:48.990Z"}
{"level":"info","message":"Connected to mongodb://localhost/todo_tests...","timestamp":"2018-06-10T22:19:49.006Z"}
{"level":"info","message":"listening on port 3000...","timestamp":"2018-06-10T22:20:11.613Z"}
{"level":"info","message":"Connected to mongodb://localhost/todo_tests...","timestamp":"2018-06-10T22:20:11.627Z"}
{"level":"info","message":"listening on port 3000...","timestamp":"2018-06-10T23:00:59.448Z"}
{"level":"info","message":"Connected to mongodb://localhost/todo_tests...","timestamp":"2018-06-10T23:00:59.528Z"}
{"level":"info","message":"listening on port 3000...","timestamp":"2018-06-10T23:00:59.674Z"}
{"level":"info","message":"Connected to mongodb://localhost/todo_tests...","timestamp":"2018-06-10T23:00:59.758Z"}
{"level":"info","message":"listening on port 3000...","timestamp":"2018-06-10T23:02:14.290Z"}
{"level":"info","message":"Connected to mongodb://localhost/todo_db...","timestamp":"2018-06-10T23:02:14.325Z"}
{"level":"info","message":"listening on port 3000...","timestamp":"2018-06-10T23:03:12.768Z"}
{"level":"info","message":"listening on port 3000...","timestamp":"2018-06-10T23:03:12.905Z"}
{"level":"info","message":"Connected to mongodb://localhost/todo_tests...","timestamp":"2018-06-10T23:03:13.010Z"}
{"level":"info","message":"Connected to mongodb://localhost/todo_tests...","timestamp":"2018-06-10T23:03:13.057Z"}
{"level":"info","message":"listening on port 3000...","timestamp":"2018-06-10T23:03:33.549Z"}
{"level":"info","message":"Connected to mongodb://localhost/todo_tests...","timestamp":"2018-06-10T23:03:33.656Z"}
{"level":"info","message":"listening on port 3000...","timestamp":"2018-06-10T23:03:33.797Z"}
{"level":"info","message":"Connected to mongodb://localhost/todo_tests...","timestamp":"2018-06-10T23:03:33.889Z"}
{"level":"info","message":"listening on port 3000...","timestamp":"2018-06-10T23:03:58.984Z"}
{"level":"info","message":"Connected to mongodb://localhost/todo_tests...","timestamp":"2018-06-10T23:03:59.075Z"}
{"level":"info","message":"listening on port 3000...","timestamp":"2018-06-10T23:03:59.017Z"}
{"level":"info","message":"Connected to mongodb://localhost/todo_tests...","timestamp":"2018-06-10T23:03:59.130Z"}
{"level":"info","message":"listening on port 3000...","timestamp":"2018-06-10T23:04:18.953Z"}
{"level":"info","message":"Connected to mongodb://localhost/todo_tests...","timestamp":"2018-06-10T23:04:19.053Z"}
{"level":"info","message":"listening on port 3000...","timestamp":"2018-06-10T23:04:19.028Z"}
{"level":"info","message":"Connected to mongodb://localhost/todo_tests...","timestamp":"2018-06-10T23:04:19.139Z"}
{"level":"info","message":"listening on port 3000...","timestamp":"2018-06-10T23:04:25.680Z"}
{"level":"info","message":"Connected to mongodb://localhost/todo_tests...","timestamp":"2018-06-10T23:04:25.807Z"}
{"level":"info","message":"listening on port 3000...","timestamp":"2018-06-10T23:04:38.878Z"}
{"level":"info","message":"listening on port 3000...","timestamp":"2018-06-10T23:04:38.906Z"}
{"level":"info","message":"Connected to mongodb://localhost/todo_tests...","timestamp":"2018-06-10T23:04:38.984Z"}
{"level":"info","message":"Connected to mongodb://localhost/todo_tests...","timestamp":"2018-06-10T23:04:39.022Z"}
{"level":"info","message":"listening on port 3000...","timestamp":"2018-06-10T23:04:46.686Z"}
{"level":"info","message":"Connected to mongodb://localhost/todo_tests...","timestamp":"2018-06-10T23:04:46.833Z"}
{"level":"info","message":"listening on port 3000...","timestamp":"2018-06-10T23:06:18.281Z"}
{"level":"info","message":"listening on port 3000...","timestamp":"2018-06-10T23:06:18.307Z"}
{"level":"info","message":"Connected to mongodb://localhost/todo_tests...","timestamp":"2018-06-10T23:06:18.373Z"}
{"level":"info","message":"Connected to mongodb://localhost/todo_tests...","timestamp":"2018-06-10T23:06:18.436Z"}
{"level":"info","message":"listening on port 3000...","timestamp":"2018-06-10T23:06:52.797Z"}
{"level":"info","message":"Connected to mongodb://localhost/todo_tests...","timestamp":"2018-06-10T23:06:52.926Z"}
{"level":"info","message":"listening on port 3000...","timestamp":"2018-06-10T23:06:52.857Z"}
{"level":"info","message":"Connected to mongodb://localhost/todo_tests...","timestamp":"2018-06-10T23:06:52.986Z"}
{"level":"info","message":"listening on port 3000...","timestamp":"2018-06-10T23:07:03.963Z"}
{"level":"info","message":"Connected to mongodb://localhost/todo_tests...","timestamp":"2018-06-10T23:07:04.072Z"}
{"level":"info","message":"listening on port 3000...","timestamp":"2018-06-10T23:07:04.004Z"}
{"level":"info","message":"Connected to mongodb://localhost/todo_tests...","timestamp":"2018-06-10T23:07:04.134Z"}
{"level":"info","message":"listening on port 3000...","timestamp":"2018-06-10T23:07:14.872Z"}
{"level":"info","message":"Connected to mongodb://localhost/todo_tests...","timestamp":"2018-06-10T23:07:14.939Z"}
{"level":"info","message":"listening on port 3000...","timestamp":"2018-06-10T23:11:35.042Z"}
{"level":"info","message":"listening on port 3000...","timestamp":"2018-06-10T23:11:35.060Z"}
{"level":"info","message":"Connected to mongodb://localhost/todo_tests...","timestamp":"2018-06-10T23:11:35.129Z"}
{"level":"info","message":"Connected to mongodb://localhost/todo_tests...","timestamp":"2018-06-10T23:11:35.164Z"}
{"level":"info","message":"listening on port 3000...","timestamp":"2018-06-10T23:12:35.695Z"}
{"level":"info","message":"Connected to mongodb://localhost/todo_tests...","timestamp":"2018-06-10T23:12:35.767Z"}
{"level":"info","message":"listening on port 3000...","timestamp":"2018-06-10T23:13:01.445Z"}
{"level":"info","message":"Connected to mongodb://localhost/todo_tests...","timestamp":"2018-06-10T23:13:01.507Z"}
{"level":"info","message":"listening on port 3000...","timestamp":"2018-06-10T23:13:01.985Z"}
{"level":"info","message":"Connected to mongodb://localhost/todo_tests...","timestamp":"2018-06-10T23:13:02.077Z"}
{"level":"info","message":"listening on port 3000...","timestamp":"2018-06-10T23:14:19.489Z"}
{"level":"info","message":"Connected to mongodb://localhost/todo_tests...","timestamp":"2018-06-10T23:14:19.506Z"}
{"level":"info","message":"listening on port 3000...","timestamp":"2018-06-10T23:14:20.782Z"}
{"level":"info","message":"Connected to mongodb://localhost/todo_tests...","timestamp":"2018-06-10T23:14:20.795Z"}
{"level":"info","message":"listening on port 3000...","timestamp":"2018-06-10T23:15:41.921Z"}
{"level":"info","message":"Connected to mongodb://localhost/todo_tests...","timestamp":"2018-06-10T23:15:41.937Z"}
{"level":"info","message":"listening on port 3000...","timestamp":"2018-06-10T23:15:42.594Z"}
{"level":"info","message":"Connected to mongodb://localhost/todo_tests...","timestamp":"2018-06-10T23:15:42.757Z"}
{"level":"info","message":"listening on port 3000...","timestamp":"2018-06-10T23:16:01.027Z"}
{"level":"info","message":"Connected to mongodb://localhost/todo_tests...","timestamp":"2018-06-10T23:16:01.040Z"}
{"level":"info","message":"listening on port 3000...","timestamp":"2018-06-10T23:16:01.835Z"}
{"level":"info","message":"Connected to mongodb://localhost/todo_tests...","timestamp":"2018-06-10T23:16:01.898Z"}
{"level":"info","message":"listening on port 3000...","timestamp":"2018-06-10T23:17:44.078Z"}
{"level":"info","message":"Connected to mongodb://localhost/todo_tests...","timestamp":"2018-06-10T23:17:44.094Z"}
{"level":"info","message":"listening on port 3000...","timestamp":"2018-06-10T23:17:44.929Z"}
{"level":"info","message":"Connected to mongodb://localhost/todo_tests...","timestamp":"2018-06-10T23:17:45.147Z"}
{"level":"info","message":"listening on port 3000...","timestamp":"2018-06-10T23:21:48.298Z"}
{"level":"info","message":"Connected to mongodb://localhost/todo_tests...","timestamp":"2018-06-10T23:21:48.312Z"}
{"level":"info","message":"listening on port 3000...","timestamp":"2018-06-10T23:21:49.068Z"}
{"level":"info","message":"Connected to mongodb://localhost/todo_tests...","timestamp":"2018-06-10T23:21:49.081Z"}
{"level":"info","message":"listening on port 3000...","timestamp":"2018-06-10T23:23:03.556Z"}
{"level":"info","message":"Connected to mongodb://localhost/todo_tests...","timestamp":"2018-06-10T23:23:03.570Z"}
{"level":"info","message":"listening on port 3000...","timestamp":"2018-06-10T23:23:04.515Z"}
{"level":"info","message":"Connected to mongodb://localhost/todo_tests...","timestamp":"2018-06-10T23:23:04.532Z"}
{"level":"info","message":"listening on port 3000...","timestamp":"2018-06-10T23:23:21.645Z"}
{"level":"info","message":"Connected to mongodb://localhost/todo_tests...","timestamp":"2018-06-10T23:23:21.665Z"}
{"level":"info","message":"listening on port 3000...","timestamp":"2018-06-10T23:23:22.807Z"}
{"level":"info","message":"Connected to mongodb://localhost/todo_tests...","timestamp":"2018-06-10T23:23:22.825Z"}
{"level":"info","message":"listening on port 3000...","timestamp":"2018-06-10T23:25:42.483Z"}
{"level":"info","message":"Connected to mongodb://localhost/todo_tests...","timestamp":"2018-06-10T23:25:42.498Z"}
{"level":"info","message":"listening on port 3000...","timestamp":"2018-06-10T23:25:43.276Z"}
{"level":"info","message":"Connected to mongodb://localhost/todo_tests...","timestamp":"2018-06-10T23:25:43.289Z"}
{"level":"info","message":"listening on port 3000...","timestamp":"2018-06-10T23:26:41.662Z"}
{"level":"info","message":"Connected to mongodb://localhost/todo_tests...","timestamp":"2018-06-10T23:26:41.677Z"}
{"level":"info","message":"listening on port 3000...","timestamp":"2018-06-10T23:26:42.630Z"}
{"level":"info","message":"Connected to mongodb://localhost/todo_tests...","timestamp":"2018-06-10T23:26:42.890Z"}
{"level":"info","message":"listening on port 3000...","timestamp":"2018-06-10T23:28:32.985Z"}
{"level":"info","message":"Connected to mongodb://localhost/todo_tests...","timestamp":"2018-06-10T23:28:33.001Z"}
{"level":"info","message":"listening on port 3000...","timestamp":"2018-06-10T23:28:33.784Z"}
{"level":"info","message":"Connected to mongodb://localhost/todo_tests...","timestamp":"2018-06-10T23:28:33.801Z"}
{"level":"info","message":"listening on port 3000...","timestamp":"2018-06-10T23:46:08.482Z"}
{"level":"info","message":"Connected to mongodb://localhost/todo_tests...","timestamp":"2018-06-10T23:46:08.550Z"}
{"level":"info","message":"listening on port 3000...","timestamp":"2018-06-10T23:46:09.796Z"}
{"level":"info","message":"Connected to mongodb://localhost/todo_tests...","timestamp":"2018-06-10T23:46:09.839Z"}
{"level":"info","message":"listening on port 3000...","timestamp":"2018-06-10T23:51:25.473Z"}
{"level":"info","message":"Connected to mongodb://localhost/todo_tests...","timestamp":"2018-06-10T23:51:25.592Z"}
{"level":"info","message":"listening on port 3000...","timestamp":"2018-06-10T23:51:25.481Z"}
{"level":"info","message":"Connected to mongodb://localhost/todo_tests...","timestamp":"2018-06-10T23:51:25.700Z"}
{"level":"info","message":"listening on port 3000...","timestamp":"2018-06-10T23:52:58.807Z"}
{"level":"info","message":"Connected to mongodb://localhost/todo_tests...","timestamp":"2018-06-10T23:52:58.888Z"}
{"level":"info","message":"listening on port 3000...","timestamp":"2018-06-10T23:52:58.916Z"}
{"level":"info","message":"Connected to mongodb://localhost/todo_tests...","timestamp":"2018-06-10T23:52:59.021Z"}
{"level":"info","message":"listening on port 3000...","timestamp":"2018-06-10T23:53:43.953Z"}
{"level":"info","message":"Connected to mongodb://localhost/todo_tests...","timestamp":"2018-06-10T23:53:44.061Z"}
{"level":"info","message":"listening on port 3000...","timestamp":"2018-06-10T23:53:46.770Z"}
{"level":"info","message":"Connected to mongodb://localhost/todo_tests...","timestamp":"2018-06-10T23:53:46.856Z"}
{"level":"info","message":"listening on port 3000...","timestamp":"2018-06-10T23:54:18.335Z"}
{"level":"info","message":"Connected to mongodb://localhost/todo_tests...","timestamp":"2018-06-10T23:54:18.451Z"}
{"level":"info","message":"listening on port 3000...","timestamp":"2018-06-10T23:54:19.050Z"}
{"level":"info","message":"Connected to mongodb://localhost/todo_tests...","timestamp":"2018-06-10T23:54:19.124Z"}
{"level":"info","message":"listening on port 3000...","timestamp":"2018-06-10T23:57:57.919Z"}
{"level":"info","message":"Connected to mongodb://localhost/todo_db...","timestamp":"2018-06-10T23:57:57.952Z"}
{"level":"info","message":"listening on port 3000...","timestamp":"2018-06-11T03:03:34.160Z"}
{"level":"info","message":"Connected to mongodb://localhost/todo_db...","timestamp":"2018-06-11T03:03:34.287Z"}
{"level":"info","message":"listening on port 3000...","timestamp":"2018-06-11T15:22:12.740Z"}
{"level":"info","message":"Connected to mongodb://localhost/todo_db...","timestamp":"2018-06-11T15:22:12.774Z"}
{"level":"info","message":"listening on port 3000...","timestamp":"2018-06-11T21:30:53.080Z"}
{"level":"info","message":"Connected to mongodb://localhost/todo_db...","timestamp":"2018-06-11T21:30:53.120Z"}
{"level":"info","message":"listening on port 3000...","timestamp":"2018-06-11T21:40:47.804Z"}
{"level":"info","message":"Connected to mongodb://localhost/todo_db...","timestamp":"2018-06-11T21:40:47.839Z"}
{"message":"Cast to ObjectId failed for value \"\" at path \"user\" for model \"Group\"","stack":"CastError: Cast to ObjectId failed for value \"\" at path \"user\" for model \"Group\"\n    at new CastError (/Users/eri/todo-app-backend/node_modules/mongoose/lib/error/cast.js:27:11)\n    at ObjectId.cast (/Users/eri/todo-app-backend/node_modules/mongoose/lib/schema/objectid.js:158:13)\n    at ObjectId.SchemaType.applySetters (/Users/eri/todo-app-backend/node_modules/mongoose/lib/schematype.js:724:12)\n    at ObjectId.SchemaType._castForQuery (/Users/eri/todo-app-backend/node_modules/mongoose/lib/schematype.js:1113:15)\n    at ObjectId.SchemaType.castForQuery (/Users/eri/todo-app-backend/node_modules/mongoose/lib/schematype.js:1103:15)\n    at ObjectId.SchemaType.castForQueryWrapper (/Users/eri/todo-app-backend/node_modules/mongoose/lib/schematype.js:1082:15)\n    at cast (/Users/eri/todo-app-backend/node_modules/mongoose/lib/cast.js:300:32)\n    at model.Query.Query.cast (/Users/eri/todo-app-backend/node_modules/mongoose/lib/query.js:3310:12)\n    at model.Query.Query._castConditions (/Users/eri/todo-app-backend/node_modules/mongoose/lib/query.js:1293:10)\n    at model.Query.Query._find (/Users/eri/todo-app-backend/node_modules/mongoose/lib/query.js:1308:8)\n    at process.nextTick (/Users/eri/todo-app-backend/node_modules/kareem/index.js:315:33)\n    at _combinedTickCallback (internal/process/next_tick.js:131:7)\n    at process._tickCallback (internal/process/next_tick.js:180:9)","name":"CastError","stringValue":"\"\"","kind":"ObjectId","value":"","path":"user","level":"error","timestamp":"2018-06-11T21:41:05.377Z"}
{"message":"Cast to ObjectId failed for value \"\" at path \"user\" for model \"Group\"","stack":"CastError: Cast to ObjectId failed for value \"\" at path \"user\" for model \"Group\"\n    at new CastError (/Users/eri/todo-app-backend/node_modules/mongoose/lib/error/cast.js:27:11)\n    at ObjectId.cast (/Users/eri/todo-app-backend/node_modules/mongoose/lib/schema/objectid.js:158:13)\n    at ObjectId.SchemaType.applySetters (/Users/eri/todo-app-backend/node_modules/mongoose/lib/schematype.js:724:12)\n    at ObjectId.SchemaType._castForQuery (/Users/eri/todo-app-backend/node_modules/mongoose/lib/schematype.js:1113:15)\n    at ObjectId.SchemaType.castForQuery (/Users/eri/todo-app-backend/node_modules/mongoose/lib/schematype.js:1103:15)\n    at ObjectId.SchemaType.castForQueryWrapper (/Users/eri/todo-app-backend/node_modules/mongoose/lib/schematype.js:1082:15)\n    at cast (/Users/eri/todo-app-backend/node_modules/mongoose/lib/cast.js:300:32)\n    at model.Query.Query.cast (/Users/eri/todo-app-backend/node_modules/mongoose/lib/query.js:3310:12)\n    at model.Query.Query._castConditions (/Users/eri/todo-app-backend/node_modules/mongoose/lib/query.js:1293:10)\n    at model.Query.Query._find (/Users/eri/todo-app-backend/node_modules/mongoose/lib/query.js:1308:8)\n    at process.nextTick (/Users/eri/todo-app-backend/node_modules/kareem/index.js:315:33)\n    at _combinedTickCallback (internal/process/next_tick.js:131:7)\n    at process._tickCallback (internal/process/next_tick.js:180:9)","name":"CastError","stringValue":"\"\"","kind":"ObjectId","value":"","path":"user","level":"error","timestamp":"2018-06-11T21:42:03.346Z"}
{"level":"info","message":"listening on port 3000...","timestamp":"2018-06-11T21:42:55.004Z"}
{"level":"info","message":"Connected to mongodb://localhost/todo_db...","timestamp":"2018-06-11T21:42:55.047Z"}
{"message":"Cast to ObjectId failed for value \"\" at path \"user\" for model \"Group\"","stack":"CastError: Cast to ObjectId failed for value \"\" at path \"user\" for model \"Group\"\n    at new CastError (/Users/eri/todo-app-backend/node_modules/mongoose/lib/error/cast.js:27:11)\n    at ObjectId.cast (/Users/eri/todo-app-backend/node_modules/mongoose/lib/schema/objectid.js:158:13)\n    at ObjectId.SchemaType.applySetters (/Users/eri/todo-app-backend/node_modules/mongoose/lib/schematype.js:724:12)\n    at ObjectId.SchemaType._castForQuery (/Users/eri/todo-app-backend/node_modules/mongoose/lib/schematype.js:1113:15)\n    at ObjectId.SchemaType.castForQuery (/Users/eri/todo-app-backend/node_modules/mongoose/lib/schematype.js:1103:15)\n    at ObjectId.SchemaType.castForQueryWrapper (/Users/eri/todo-app-backend/node_modules/mongoose/lib/schematype.js:1082:15)\n    at cast (/Users/eri/todo-app-backend/node_modules/mongoose/lib/cast.js:300:32)\n    at model.Query.Query.cast (/Users/eri/todo-app-backend/node_modules/mongoose/lib/query.js:3310:12)\n    at model.Query.Query._castConditions (/Users/eri/todo-app-backend/node_modules/mongoose/lib/query.js:1293:10)\n    at model.Query.Query._find (/Users/eri/todo-app-backend/node_modules/mongoose/lib/query.js:1308:8)\n    at process.nextTick (/Users/eri/todo-app-backend/node_modules/kareem/index.js:315:33)\n    at _combinedTickCallback (internal/process/next_tick.js:131:7)\n    at process._tickCallback (internal/process/next_tick.js:180:9)","name":"CastError","stringValue":"\"\"","kind":"ObjectId","value":"","path":"user","level":"error","timestamp":"2018-06-11T21:42:59.285Z"}
{"level":"info","message":"listening on port 3000...","timestamp":"2018-06-11T21:44:03.455Z"}
{"level":"info","message":"Connected to mongodb://localhost/todo_db...","timestamp":"2018-06-11T21:44:03.510Z"}
{"message":"Cast to ObjectId failed for value \"\" at path \"user\" for model \"Group\"","stack":"CastError: Cast to ObjectId failed for value \"\" at path \"user\" for model \"Group\"\n    at new CastError (/Users/eri/todo-app-backend/node_modules/mongoose/lib/error/cast.js:27:11)\n    at ObjectId.cast (/Users/eri/todo-app-backend/node_modules/mongoose/lib/schema/objectid.js:158:13)\n    at ObjectId.SchemaType.applySetters (/Users/eri/todo-app-backend/node_modules/mongoose/lib/schematype.js:724:12)\n    at ObjectId.SchemaType._castForQuery (/Users/eri/todo-app-backend/node_modules/mongoose/lib/schematype.js:1113:15)\n    at ObjectId.SchemaType.castForQuery (/Users/eri/todo-app-backend/node_modules/mongoose/lib/schematype.js:1103:15)\n    at ObjectId.SchemaType.castForQueryWrapper (/Users/eri/todo-app-backend/node_modules/mongoose/lib/schematype.js:1082:15)\n    at cast (/Users/eri/todo-app-backend/node_modules/mongoose/lib/cast.js:300:32)\n    at model.Query.Query.cast (/Users/eri/todo-app-backend/node_modules/mongoose/lib/query.js:3310:12)\n    at model.Query.Query._castConditions (/Users/eri/todo-app-backend/node_modules/mongoose/lib/query.js:1293:10)\n    at model.Query.Query._find (/Users/eri/todo-app-backend/node_modules/mongoose/lib/query.js:1308:8)\n    at process.nextTick (/Users/eri/todo-app-backend/node_modules/kareem/index.js:315:33)\n    at _combinedTickCallback (internal/process/next_tick.js:131:7)\n    at process._tickCallback (internal/process/next_tick.js:180:9)","name":"CastError","stringValue":"\"\"","kind":"ObjectId","value":"","path":"user","level":"error","timestamp":"2018-06-11T21:44:07.852Z"}
{"level":"info","message":"listening on port 3000...","timestamp":"2018-06-11T21:45:17.478Z"}
{"level":"info","message":"Connected to mongodb://localhost/todo_db...","timestamp":"2018-06-11T21:45:17.513Z"}
{"level":"info","message":"listening on port 3000...","timestamp":"2018-06-12T18:29:43.285Z"}
{"level":"info","message":"Connected to mongodb://localhost/todo_db...","timestamp":"2018-06-12T18:29:43.319Z"}
{"level":"info","message":"listening on port 3000...","timestamp":"2018-06-12T20:05:09.248Z"}
{"level":"info","message":"Connected to mongodb://localhost/todo_db...","timestamp":"2018-06-12T20:05:09.302Z"}
{"level":"info","message":"listening on port 3000...","timestamp":"2018-06-12T20:07:44.347Z"}
{"level":"info","message":"Connected to mongodb://localhost/todo_db...","timestamp":"2018-06-12T20:07:44.381Z"}
{"level":"info","message":"listening on port 3000...","timestamp":"2018-06-12T20:08:20.423Z"}
{"level":"info","message":"Connected to mongodb://localhost/todo_tests...","timestamp":"2018-06-12T20:08:20.506Z"}
{"level":"info","message":"listening on port 3000...","timestamp":"2018-06-12T20:08:20.459Z"}
{"level":"info","message":"Connected to mongodb://localhost/todo_tests...","timestamp":"2018-06-12T20:08:20.638Z"}
{"level":"info","message":"listening on port 3000...","timestamp":"2018-06-12T20:08:49.717Z"}
{"level":"info","message":"Connected to mongodb://localhost/todo_tests...","timestamp":"2018-06-12T20:08:49.788Z"}
{"level":"info","message":"listening on port 3000...","timestamp":"2018-06-12T20:09:05.930Z"}
{"level":"info","message":"Connected to mongodb://localhost/todo_tests...","timestamp":"2018-06-12T20:09:06.040Z"}
{"level":"info","message":"listening on port 3000...","timestamp":"2018-06-12T20:09:05.977Z"}
{"level":"info","message":"Connected to mongodb://localhost/todo_tests...","timestamp":"2018-06-12T20:09:06.174Z"}
{"level":"info","message":"listening on port 3000...","timestamp":"2018-06-12T20:10:34.026Z"}
{"level":"info","message":"Connected to mongodb://localhost/todo_tests...","timestamp":"2018-06-12T20:10:34.089Z"}
{"level":"info","message":"listening on port 3000...","timestamp":"2018-06-12T20:10:45.162Z"}
{"level":"info","message":"Connected to mongodb://localhost/todo_tests...","timestamp":"2018-06-12T20:10:45.263Z"}
{"level":"info","message":"listening on port 3000...","timestamp":"2018-06-12T20:10:45.236Z"}
{"level":"info","message":"Connected to mongodb://localhost/todo_tests...","timestamp":"2018-06-12T20:10:45.413Z"}
{"level":"info","message":"listening on port 3000...","timestamp":"2018-06-12T20:10:58.419Z"}
{"level":"info","message":"Connected to mongodb://localhost/todo_tests...","timestamp":"2018-06-12T20:10:58.525Z"}
{"level":"info","message":"listening on port 3000...","timestamp":"2018-06-12T20:10:58.459Z"}
{"level":"info","message":"Connected to mongodb://localhost/todo_tests...","timestamp":"2018-06-12T20:10:58.603Z"}
{"level":"info","message":"listening on port 3000...","timestamp":"2018-06-12T20:11:29.750Z"}
{"level":"info","message":"Connected to mongodb://localhost/todo_tests...","timestamp":"2018-06-12T20:11:29.851Z"}
{"level":"info","message":"listening on port 3000...","timestamp":"2018-06-12T20:11:29.757Z"}
{"level":"info","message":"Connected to mongodb://localhost/todo_tests...","timestamp":"2018-06-12T20:11:29.918Z"}
{"level":"info","message":"listening on port 3000...","timestamp":"2018-06-12T20:11:44.835Z"}
{"level":"info","message":"Connected to mongodb://localhost/todo_tests...","timestamp":"2018-06-12T20:11:44.933Z"}
{"level":"info","message":"listening on port 3000...","timestamp":"2018-06-12T20:11:44.844Z"}
{"level":"info","message":"Connected to mongodb://localhost/todo_tests...","timestamp":"2018-06-12T20:11:44.990Z"}
{"level":"info","message":"listening on port 3000...","timestamp":"2018-06-12T20:22:39.921Z"}
{"level":"info","message":"Connected to mongodb://localhost/todo_tests...","timestamp":"2018-06-12T20:22:40.004Z"}
{"level":"info","message":"listening on port 3000...","timestamp":"2018-06-12T20:22:40.496Z"}
{"level":"info","message":"Connected to mongodb://localhost/todo_tests...","timestamp":"2018-06-12T20:22:40.571Z"}
{"level":"info","message":"listening on port 3000...","timestamp":"2018-06-12T20:25:09.722Z"}
{"level":"info","message":"Connected to mongodb://localhost/todo_tests...","timestamp":"2018-06-12T20:25:09.820Z"}
{"level":"info","message":"listening on port 3000...","timestamp":"2018-06-12T20:25:09.752Z"}
{"level":"info","message":"Connected to mongodb://localhost/todo_tests...","timestamp":"2018-06-12T20:25:09.883Z"}
{"level":"info","message":"listening on port 3000...","timestamp":"2018-06-12T20:33:43.479Z"}
{"level":"info","message":"Connected to mongodb://localhost/todo_tests...","timestamp":"2018-06-12T20:33:43.563Z"}
{"level":"info","message":"listening on port 3000...","timestamp":"2018-06-12T20:33:43.961Z"}
{"level":"info","message":"Connected to mongodb://localhost/todo_tests...","timestamp":"2018-06-12T20:33:44.038Z"}
{"level":"info","message":"listening on port 3000...","timestamp":"2018-06-12T20:39:56.016Z"}
{"level":"info","message":"Connected to mongodb://localhost/todo_tests...","timestamp":"2018-06-12T20:39:56.189Z"}
{"level":"info","message":"listening on port 3000...","timestamp":"2018-06-12T20:39:56.626Z"}
{"level":"info","message":"Connected to mongodb://localhost/todo_tests...","timestamp":"2018-06-12T20:39:56.795Z"}
{"level":"info","message":"listening on port 3000...","timestamp":"2018-06-12T20:43:02.861Z"}
{"level":"info","message":"Connected to mongodb://localhost/todo_tests...","timestamp":"2018-06-12T20:43:02.948Z"}
{"level":"info","message":"listening on port 3000...","timestamp":"2018-06-12T20:43:03.363Z"}
{"level":"info","message":"Connected to mongodb://localhost/todo_tests...","timestamp":"2018-06-12T20:43:03.436Z"}
{"level":"info","message":"listening on port 3000...","timestamp":"2018-06-12T22:23:15.029Z"}
{"level":"info","message":"Connected to mongodb://localhost/todo_db...","timestamp":"2018-06-12T22:23:15.067Z"}
{"level":"info","message":"listening on port 3000...","timestamp":"2018-06-12T22:24:05.471Z"}
{"level":"info","message":"Connected to mongodb://localhost/todo_db...","timestamp":"2018-06-12T22:24:05.506Z"}
{"level":"info","message":"listening on port 3000...","timestamp":"2018-06-12T22:30:33.045Z"}
{"level":"info","message":"listening on port 3000...","timestamp":"2018-06-12T22:30:33.047Z"}
{"level":"info","message":"Connected to mongodb://localhost/todo_tests...","timestamp":"2018-06-12T22:30:33.195Z"}
{"level":"info","message":"Connected to mongodb://localhost/todo_tests...","timestamp":"2018-06-12T22:30:33.198Z"}
{"level":"info","message":"listening on port 3000...","timestamp":"2018-06-12T22:30:33.060Z"}
{"level":"info","message":"Connected to mongodb://localhost/todo_tests...","timestamp":"2018-06-12T22:30:33.333Z"}
{"level":"info","message":"listening on port 3000...","timestamp":"2018-06-12T22:32:10.367Z"}
{"level":"info","message":"Connected to mongodb://localhost/todo_tests...","timestamp":"2018-06-12T22:32:10.548Z"}
{"level":"info","message":"listening on port 3000...","timestamp":"2018-06-12T22:33:29.832Z"}
{"level":"info","message":"Connected to mongodb://localhost/todo_tests...","timestamp":"2018-06-12T22:33:29.924Z"}
{"level":"info","message":"listening on port 3000...","timestamp":"2018-06-12T22:33:30.206Z"}
{"level":"info","message":"Connected to mongodb://localhost/todo_tests...","timestamp":"2018-06-12T22:33:30.299Z"}
{"level":"info","message":"listening on port 3000...","timestamp":"2018-06-12T22:34:08.532Z"}
{"level":"info","message":"Connected to mongodb://localhost/todo_tests...","timestamp":"2018-06-12T22:34:08.653Z"}
{"level":"info","message":"listening on port 3000...","timestamp":"2018-06-12T22:34:08.684Z"}
{"level":"info","message":"listening on port 3000...","timestamp":"2018-06-12T22:34:08.549Z"}
{"level":"info","message":"Connected to mongodb://localhost/todo_tests...","timestamp":"2018-06-12T22:34:08.870Z"}
{"level":"info","message":"Connected to mongodb://localhost/todo_tests...","timestamp":"2018-06-12T22:34:08.935Z"}
{"level":"info","message":"listening on port 3000...","timestamp":"2018-06-12T22:34:59.227Z"}
{"level":"info","message":"listening on port 3000...","timestamp":"2018-06-12T22:34:59.264Z"}
{"level":"info","message":"Connected to mongodb://localhost/todo_tests...","timestamp":"2018-06-12T22:34:59.355Z"}
{"level":"info","message":"listening on port 3000...","timestamp":"2018-06-12T22:34:59.233Z"}
{"level":"info","message":"Connected to mongodb://localhost/todo_tests...","timestamp":"2018-06-12T22:34:59.428Z"}
{"level":"info","message":"Connected to mongodb://localhost/todo_tests...","timestamp":"2018-06-12T22:34:59.459Z"}
{"level":"info","message":"listening on port 3000...","timestamp":"2018-06-12T22:35:06.477Z"}
{"level":"info","message":"Connected to mongodb://localhost/todo_tests...","timestamp":"2018-06-12T22:35:06.576Z"}
{"level":"info","message":"listening on port 3000...","timestamp":"2018-06-12T22:35:06.577Z"}
{"level":"info","message":"Connected to mongodb://localhost/todo_tests...","timestamp":"2018-06-12T22:35:06.663Z"}
{"level":"info","message":"listening on port 3000...","timestamp":"2018-06-12T22:35:15.005Z"}
{"level":"info","message":"Connected to mongodb://localhost/todo_tests...","timestamp":"2018-06-12T22:35:15.132Z"}
{"level":"info","message":"listening on port 3000...","timestamp":"2018-06-12T22:36:33.389Z"}
{"level":"info","message":"Connected to mongodb://localhost/todo_tests...","timestamp":"2018-06-12T22:36:33.412Z"}
{"level":"info","message":"listening on port 3000...","timestamp":"2018-06-12T22:36:58.257Z"}
{"level":"info","message":"Connected to mongodb://localhost/todo_tests...","timestamp":"2018-06-12T22:36:58.284Z"}
{"level":"info","message":"listening on port 3000...","timestamp":"2018-06-12T23:11:20.606Z"}
{"level":"info","message":"Connected to mongodb://localhost/todo_tests...","timestamp":"2018-06-12T23:11:20.630Z"}
{"level":"info","message":"listening on port 3000...","timestamp":"2018-06-12T23:12:14.178Z"}
{"level":"info","message":"Connected to mongodb://localhost/todo_tests...","timestamp":"2018-06-12T23:12:14.312Z"}
{"level":"info","message":"listening on port 3000...","timestamp":"2018-06-12T23:12:37.428Z"}
{"level":"info","message":"Connected to mongodb://localhost/todo_tests...","timestamp":"2018-06-12T23:12:37.447Z"}
{"level":"info","message":"listening on port 3000...","timestamp":"2018-06-12T23:12:57.733Z"}
{"level":"info","message":"Connected to mongodb://localhost/todo_tests...","timestamp":"2018-06-12T23:12:57.757Z"}
{"level":"info","message":"listening on port 3000...","timestamp":"2018-06-12T23:13:45.761Z"}
{"level":"info","message":"Connected to mongodb://localhost/todo_tests...","timestamp":"2018-06-12T23:13:45.783Z"}
{"level":"info","message":"listening on port 3000...","timestamp":"2018-06-12T23:15:21.845Z"}
{"level":"info","message":"Connected to mongodb://localhost/todo_tests...","timestamp":"2018-06-12T23:15:21.866Z"}
{"level":"info","message":"listening on port 3000...","timestamp":"2018-06-12T23:17:20.720Z"}
{"level":"info","message":"Connected to mongodb://localhost/todo_tests...","timestamp":"2018-06-12T23:17:20.749Z"}
{"level":"info","message":"listening on port 3000...","timestamp":"2018-06-12T23:18:51.510Z"}
{"level":"info","message":"Connected to mongodb://localhost/todo_tests...","timestamp":"2018-06-12T23:18:51.530Z"}
{"level":"info","message":"listening on port 3000...","timestamp":"2018-06-12T23:19:14.986Z"}
{"level":"info","message":"Connected to mongodb://localhost/todo_tests...","timestamp":"2018-06-12T23:19:15.008Z"}
{"level":"info","message":"listening on port 3000...","timestamp":"2018-06-12T23:22:22.300Z"}
{"level":"info","message":"Connected to mongodb://localhost/todo_tests...","timestamp":"2018-06-12T23:22:22.320Z"}
{"level":"info","message":"listening on port 3000...","timestamp":"2018-06-12T23:22:34.446Z"}
{"level":"info","message":"Connected to mongodb://localhost/todo_tests...","timestamp":"2018-06-12T23:22:34.475Z"}
{"level":"info","message":"listening on port 3000...","timestamp":"2018-06-12T23:23:47.141Z"}
{"level":"info","message":"Connected to mongodb://localhost/todo_db...","timestamp":"2018-06-12T23:23:47.177Z"}
{"level":"info","message":"listening on port 3000...","timestamp":"2018-06-12T23:49:40.349Z"}
{"level":"info","message":"Connected to mongodb://localhost/todo_db...","timestamp":"2018-06-12T23:49:40.384Z"}
{"level":"info","message":"listening on port 3000...","timestamp":"2018-06-12T23:54:06.909Z"}
{"level":"info","message":"Connected to mongodb://localhost/todo_tests...","timestamp":"2018-06-12T23:54:07.001Z"}
{"level":"info","message":"listening on port 3000...","timestamp":"2018-06-12T23:54:06.988Z"}
{"level":"info","message":"Connected to mongodb://localhost/todo_tests...","timestamp":"2018-06-12T23:54:07.179Z"}
{"level":"info","message":"listening on port 3000...","timestamp":"2018-06-12T23:54:07.005Z"}
{"level":"info","message":"Connected to mongodb://localhost/todo_tests...","timestamp":"2018-06-12T23:54:07.307Z"}
{"message":"email is not defined","stack":"ReferenceError: email is not defined\n    at Object.<anonymous>.router.post (/Users/eri/todo-app-backend/routes/tokensignin.js:23:20)\n    at <anonymous>","level":"error","timestamp":"2018-06-12T23:54:07.629Z"}
{"message":"email is not defined","stack":"ReferenceError: email is not defined\n    at Object.<anonymous>.router.post (/Users/eri/todo-app-backend/routes/tokensignin.js:23:20)\n    at <anonymous>","level":"error","timestamp":"2018-06-12T23:54:07.662Z"}
{"level":"info","message":"listening on port 3000...","timestamp":"2018-06-13T00:13:28.861Z"}
{"level":"info","message":"Connected to mongodb://localhost/todo_tests...","timestamp":"2018-06-13T00:13:28.946Z"}
{"message":"email is not defined","stack":"ReferenceError: email is not defined\n    at Object.<anonymous>.router.post (/Users/eri/todo-app-backend/routes/tokensignin.js:23:20)\n    at <anonymous>","level":"error","timestamp":"2018-06-13T00:13:29.064Z"}
{"message":"email is not defined","stack":"ReferenceError: email is not defined\n    at Object.<anonymous>.router.post (/Users/eri/todo-app-backend/routes/tokensignin.js:23:20)\n    at <anonymous>","level":"error","timestamp":"2018-06-13T00:13:29.080Z"}
{"level":"info","message":"listening on port 3000...","timestamp":"2018-06-13T00:21:09.463Z"}
{"level":"info","message":"Connected to mongodb://localhost/todo_tests...","timestamp":"2018-06-13T00:21:09.484Z"}
{"level":"info","message":"listening on port 3000...","timestamp":"2018-06-13T00:21:48.771Z"}
{"level":"info","message":"Connected to mongodb://localhost/todo_tests...","timestamp":"2018-06-13T00:21:48.791Z"}
{"level":"info","message":"listening on port 3000...","timestamp":"2018-06-13T00:22:41.214Z"}
{"level":"info","message":"Connected to mongodb://localhost/todo_tests...","timestamp":"2018-06-13T00:22:41.243Z"}
{"level":"info","message":"listening on port 3000...","timestamp":"2018-06-13T00:24:34.648Z"}
{"level":"info","message":"Connected to mongodb://localhost/todo_tests...","timestamp":"2018-06-13T00:24:34.673Z"}
{"level":"info","message":"listening on port 3000...","timestamp":"2018-06-13T00:25:02.260Z"}
{"level":"info","message":"Connected to mongodb://localhost/todo_tests...","timestamp":"2018-06-13T00:25:02.291Z"}
{"level":"info","message":"listening on port 3000...","timestamp":"2018-06-13T00:25:10.918Z"}
{"level":"info","message":"Connected to mongodb://localhost/todo_tests...","timestamp":"2018-06-13T00:25:11.115Z"}
{"level":"info","message":"listening on port 3000...","timestamp":"2018-06-13T00:25:33.089Z"}
{"level":"info","message":"Connected to mongodb://localhost/todo_tests...","timestamp":"2018-06-13T00:25:33.106Z"}
{"level":"info","message":"listening on port 3000...","timestamp":"2018-06-13T00:26:59.363Z"}
{"level":"info","message":"Connected to mongodb://localhost/todo_tests...","timestamp":"2018-06-13T00:26:59.383Z"}
{"level":"info","message":"listening on port 3000...","timestamp":"2018-06-13T00:27:37.056Z"}
{"level":"info","message":"Connected to mongodb://localhost/todo_tests...","timestamp":"2018-06-13T00:27:37.168Z"}
{"level":"info","message":"listening on port 3000...","timestamp":"2018-06-13T00:27:37.120Z"}
{"level":"info","message":"listening on port 3000...","timestamp":"2018-06-13T00:27:37.234Z"}
{"level":"info","message":"Connected to mongodb://localhost/todo_tests...","timestamp":"2018-06-13T00:27:37.312Z"}
{"level":"info","message":"Connected to mongodb://localhost/todo_tests...","timestamp":"2018-06-13T00:27:37.357Z"}
{"level":"info","message":"listening on port 3000...","timestamp":"2018-06-13T00:27:46.236Z"}
{"level":"info","message":"Connected to mongodb://localhost/todo_tests...","timestamp":"2018-06-13T00:27:46.388Z"}
{"level":"info","message":"listening on port 3000...","timestamp":"2018-06-13T00:28:23.928Z"}
{"level":"info","message":"Connected to mongodb://localhost/todo_tests...","timestamp":"2018-06-13T00:28:23.951Z"}
{"level":"info","message":"listening on port 3000...","timestamp":"2018-06-13T00:28:34.956Z"}
{"level":"info","message":"Connected to mongodb://localhost/todo_tests...","timestamp":"2018-06-13T00:28:34.990Z"}
{"level":"info","message":"listening on port 3000...","timestamp":"2018-06-13T00:30:16.369Z"}
{"level":"info","message":"Connected to mongodb://localhost/todo_tests...","timestamp":"2018-06-13T00:30:16.466Z"}
{"level":"info","message":"listening on port 3000...","timestamp":"2018-06-13T00:30:16.461Z"}
{"level":"info","message":"listening on port 3000...","timestamp":"2018-06-13T00:30:16.517Z"}
{"level":"info","message":"Connected to mongodb://localhost/todo_tests...","timestamp":"2018-06-13T00:30:16.663Z"}
{"level":"info","message":"Connected to mongodb://localhost/todo_tests...","timestamp":"2018-06-13T00:30:16.708Z"}
{"level":"info","message":"listening on port 3000...","timestamp":"2018-06-13T00:30:39.901Z"}
{"level":"info","message":"Connected to mongodb://localhost/todo_tests...","timestamp":"2018-06-13T00:30:40.011Z"}
{"level":"info","message":"listening on port 3000...","timestamp":"2018-06-13T00:30:40.041Z"}
{"level":"info","message":"Connected to mongodb://localhost/todo_tests...","timestamp":"2018-06-13T00:30:40.155Z"}
{"level":"info","message":"listening on port 3000...","timestamp":"2018-06-13T00:30:53.230Z"}
{"level":"info","message":"Connected to mongodb://localhost/todo_tests...","timestamp":"2018-06-13T00:30:53.365Z"}
{"level":"info","message":"listening on port 3000...","timestamp":"2018-06-13T00:30:53.294Z"}
{"level":"info","message":"listening on port 3000...","timestamp":"2018-06-13T00:30:53.372Z"}
{"level":"info","message":"Connected to mongodb://localhost/todo_tests...","timestamp":"2018-06-13T00:30:53.435Z"}
{"level":"info","message":"Connected to mongodb://localhost/todo_tests...","timestamp":"2018-06-13T00:30:53.504Z"}
{"level":"info","message":"listening on port 3000...","timestamp":"2018-06-13T00:31:02.355Z"}
{"level":"info","message":"Connected to mongodb://localhost/todo_tests...","timestamp":"2018-06-13T00:31:02.453Z"}
{"level":"info","message":"listening on port 3000...","timestamp":"2018-06-13T00:31:02.361Z"}
{"level":"info","message":"Connected to mongodb://localhost/todo_tests...","timestamp":"2018-06-13T00:31:02.491Z"}
{"level":"info","message":"listening on port 3000...","timestamp":"2018-06-13T00:31:07.395Z"}
{"level":"info","message":"Connected to mongodb://localhost/todo_tests...","timestamp":"2018-06-13T00:31:07.452Z"}
{"level":"info","message":"listening on port 3000...","timestamp":"2018-06-13T00:31:07.966Z"}
{"level":"info","message":"Connected to mongodb://localhost/todo_tests...","timestamp":"2018-06-13T00:31:07.997Z"}
{"level":"info","message":"listening on port 3000...","timestamp":"2018-06-13T00:31:08.621Z"}
{"level":"info","message":"Connected to mongodb://localhost/todo_tests...","timestamp":"2018-06-13T00:31:08.637Z"}
{"level":"info","message":"listening on port 3000...","timestamp":"2018-06-13T00:35:21.623Z"}
{"level":"info","message":"Connected to mongodb://localhost/todo_tests...","timestamp":"2018-06-13T00:35:21.641Z"}
{"level":"info","message":"listening on port 3000...","timestamp":"2018-06-13T00:35:22.016Z"}
{"level":"info","message":"Connected to mongodb://localhost/todo_tests...","timestamp":"2018-06-13T00:35:22.162Z"}
{"level":"info","message":"listening on port 3000...","timestamp":"2018-06-13T00:35:22.982Z"}
{"level":"info","message":"Connected to mongodb://localhost/todo_tests...","timestamp":"2018-06-13T00:35:23.008Z"}
{"level":"info","message":"listening on port 3000...","timestamp":"2018-06-13T00:36:35.554Z"}
{"level":"info","message":"Connected to mongodb://localhost/todo_tests...","timestamp":"2018-06-13T00:36:35.572Z"}
{"level":"info","message":"listening on port 3000...","timestamp":"2018-06-13T00:36:36.018Z"}
{"level":"info","message":"Connected to mongodb://localhost/todo_tests...","timestamp":"2018-06-13T00:36:36.221Z"}
{"level":"info","message":"listening on port 3000...","timestamp":"2018-06-13T00:36:37.073Z"}
{"level":"info","message":"Connected to mongodb://localhost/todo_tests...","timestamp":"2018-06-13T00:36:37.090Z"}
{"level":"info","message":"listening on port 3000...","timestamp":"2018-06-13T00:36:49.203Z"}
{"level":"info","message":"Connected to mongodb://localhost/todo_tests...","timestamp":"2018-06-13T00:36:49.218Z"}
{"level":"info","message":"listening on port 3000...","timestamp":"2018-06-13T02:15:42.394Z"}
{"level":"info","message":"Connected to mongodb://localhost/todo_tests...","timestamp":"2018-06-13T02:15:42.420Z"}
{"level":"info","message":"listening on port 3000...","timestamp":"2018-06-14T01:32:38.472Z"}
{"level":"info","message":"Connected to mongodb://localhost/todo_db...","timestamp":"2018-06-14T01:32:38.509Z"}
{"level":"info","message":"listening on port 3000...","timestamp":"2018-06-14T02:55:48.008Z"}
{"level":"info","message":"Connected to mongodb://localhost/todo_db...","timestamp":"2018-06-14T02:55:48.041Z"}
{"level":"info","message":"listening on port 3000...","timestamp":"2018-06-14T22:05:47.650Z"}
{"level":"info","message":"Connected to mongodb://localhost/todo_db...","timestamp":"2018-06-14T22:05:47.690Z"}
